{
  "D:/rs_school_react/vite-react-ts/src/store/features/productSlice.tsx": {
    "path": "D:/rs_school_react/vite-react-ts/src/store/features/productSlice.tsx",
    "statementMap": {
      "0": {
        "start": {
          "line": 2,
          "column": 21
        },
        "end": {
          "line": 16,
          "column": 1
        }
      },
      "1": {
        "start": {
          "line": 17,
          "column": 29
        },
        "end": {
          "line": 21,
          "column": 2
        }
      },
      "2": {
        "start": {
          "line": 18,
          "column": 19
        },
        "end": {
          "line": 18,
          "column": 64
        }
      },
      "3": {
        "start": {
          "line": 19,
          "column": 15
        },
        "end": {
          "line": 19,
          "column": 36
        }
      },
      "4": {
        "start": {
          "line": 20,
          "column": 2
        },
        "end": {
          "line": 20,
          "column": 23
        }
      },
      "5": {
        "start": {
          "line": 22,
          "column": 28
        },
        "end": {
          "line": 47,
          "column": 2
        }
      },
      "6": {
        "start": {
          "line": 27,
          "column": 4
        },
        "end": {
          "line": 45,
          "column": 7
        }
      },
      "7": {
        "start": {
          "line": 28,
          "column": 6
        },
        "end": {
          "line": 28,
          "column": 31
        }
      },
      "8": {
        "start": {
          "line": 30,
          "column": 6
        },
        "end": {
          "line": 30,
          "column": 28
        }
      },
      "9": {
        "start": {
          "line": 31,
          "column": 6
        },
        "end": {
          "line": 31,
          "column": 34
        }
      },
      "10": {
        "start": {
          "line": 32,
          "column": 6
        },
        "end": {
          "line": 32,
          "column": 38
        }
      },
      "11": {
        "start": {
          "line": 34,
          "column": 6
        },
        "end": {
          "line": 34,
          "column": 30
        }
      },
      "12": {
        "start": {
          "line": 35,
          "column": 6
        },
        "end": {
          "line": 35,
          "column": 34
        }
      },
      "13": {
        "start": {
          "line": 36,
          "column": 6
        },
        "end": {
          "line": 36,
          "column": 71
        }
      },
      "14": {
        "start": {
          "line": 38,
          "column": 6
        },
        "end": {
          "line": 38,
          "column": 36
        }
      },
      "15": {
        "start": {
          "line": 40,
          "column": 6
        },
        "end": {
          "line": 40,
          "column": 37
        }
      },
      "16": {
        "start": {
          "line": 41,
          "column": 6
        },
        "end": {
          "line": 41,
          "column": 41
        }
      },
      "17": {
        "start": {
          "line": 43,
          "column": 6
        },
        "end": {
          "line": 43,
          "column": 37
        }
      },
      "18": {
        "start": {
          "line": 44,
          "column": 6
        },
        "end": {
          "line": 44,
          "column": 74
        }
      },
      "19": {
        "start": {
          "line": 48,
          "column": 30
        },
        "end": {
          "line": 52,
          "column": 2
        }
      },
      "20": {
        "start": {
          "line": 49,
          "column": 19
        },
        "end": {
          "line": 49,
          "column": 82
        }
      },
      "21": {
        "start": {
          "line": 50,
          "column": 15
        },
        "end": {
          "line": 50,
          "column": 36
        }
      },
      "22": {
        "start": {
          "line": 51,
          "column": 2
        },
        "end": {
          "line": 51,
          "column": 23
        }
      },
      "23": {
        "start": {
          "line": 53,
          "column": 30
        },
        "end": {
          "line": 53,
          "column": 64
        }
      },
      "24": {
        "start": {
          "line": 53,
          "column": 41
        },
        "end": {
          "line": 53,
          "column": 64
        }
      },
      "25": {
        "start": {
          "line": 54,
          "column": 35
        },
        "end": {
          "line": 54,
          "column": 67
        }
      },
      "26": {
        "start": {
          "line": 54,
          "column": 46
        },
        "end": {
          "line": 54,
          "column": 67
        }
      },
      "27": {
        "start": {
          "line": 55,
          "column": 34
        },
        "end": {
          "line": 55,
          "column": 65
        }
      },
      "28": {
        "start": {
          "line": 55,
          "column": 45
        },
        "end": {
          "line": 55,
          "column": 65
        }
      }
    },
    "fnMap": {
      "0": {
        "name": "(anonymous_0)",
        "decl": {
          "start": {
            "line": 17,
            "column": 72
          },
          "end": {
            "line": 17,
            "column": 73
          }
        },
        "loc": {
          "start": {
            "line": 17,
            "column": 84
          },
          "end": {
            "line": 21,
            "column": 1
          }
        },
        "line": 17
      },
      "1": {
        "name": "(anonymous_1)",
        "decl": {
          "start": {
            "line": 26,
            "column": 17
          },
          "end": {
            "line": 26,
            "column": 18
          }
        },
        "loc": {
          "start": {
            "line": 26,
            "column": 30
          },
          "end": {
            "line": 46,
            "column": 3
          }
        },
        "line": 26
      },
      "2": {
        "name": "(anonymous_2)",
        "decl": {
          "start": {
            "line": 27,
            "column": 43
          },
          "end": {
            "line": 27,
            "column": 44
          }
        },
        "loc": {
          "start": {
            "line": 27,
            "column": 54
          },
          "end": {
            "line": 29,
            "column": 5
          }
        },
        "line": 27
      },
      "3": {
        "name": "(anonymous_3)",
        "decl": {
          "start": {
            "line": 29,
            "column": 40
          },
          "end": {
            "line": 29,
            "column": 41
          }
        },
        "loc": {
          "start": {
            "line": 29,
            "column": 59
          },
          "end": {
            "line": 33,
            "column": 5
          }
        },
        "line": 29
      },
      "4": {
        "name": "(anonymous_4)",
        "decl": {
          "start": {
            "line": 33,
            "column": 39
          },
          "end": {
            "line": 33,
            "column": 40
          }
        },
        "loc": {
          "start": {
            "line": 33,
            "column": 58
          },
          "end": {
            "line": 37,
            "column": 5
          }
        },
        "line": 33
      },
      "5": {
        "name": "(anonymous_5)",
        "decl": {
          "start": {
            "line": 37,
            "column": 39
          },
          "end": {
            "line": 37,
            "column": 40
          }
        },
        "loc": {
          "start": {
            "line": 37,
            "column": 50
          },
          "end": {
            "line": 39,
            "column": 5
          }
        },
        "line": 37
      },
      "6": {
        "name": "(anonymous_6)",
        "decl": {
          "start": {
            "line": 39,
            "column": 41
          },
          "end": {
            "line": 39,
            "column": 42
          }
        },
        "loc": {
          "start": {
            "line": 39,
            "column": 60
          },
          "end": {
            "line": 42,
            "column": 5
          }
        },
        "line": 39
      },
      "7": {
        "name": "(anonymous_7)",
        "decl": {
          "start": {
            "line": 42,
            "column": 40
          },
          "end": {
            "line": 42,
            "column": 41
          }
        },
        "loc": {
          "start": {
            "line": 42,
            "column": 59
          },
          "end": {
            "line": 45,
            "column": 5
          }
        },
        "line": 42
      },
      "8": {
        "name": "(anonymous_8)",
        "decl": {
          "start": {
            "line": 48,
            "column": 74
          },
          "end": {
            "line": 48,
            "column": 75
          }
        },
        "loc": {
          "start": {
            "line": 48,
            "column": 91
          },
          "end": {
            "line": 52,
            "column": 1
          }
        },
        "line": 48
      },
      "9": {
        "name": "(anonymous_9)",
        "decl": {
          "start": {
            "line": 53,
            "column": 30
          },
          "end": {
            "line": 53,
            "column": 31
          }
        },
        "loc": {
          "start": {
            "line": 53,
            "column": 41
          },
          "end": {
            "line": 53,
            "column": 64
          }
        },
        "line": 53
      },
      "10": {
        "name": "(anonymous_10)",
        "decl": {
          "start": {
            "line": 54,
            "column": 35
          },
          "end": {
            "line": 54,
            "column": 36
          }
        },
        "loc": {
          "start": {
            "line": 54,
            "column": 46
          },
          "end": {
            "line": 54,
            "column": 67
          }
        },
        "line": 54
      },
      "11": {
        "name": "(anonymous_11)",
        "decl": {
          "start": {
            "line": 55,
            "column": 34
          },
          "end": {
            "line": 55,
            "column": 35
          }
        },
        "loc": {
          "start": {
            "line": 55,
            "column": 45
          },
          "end": {
            "line": 55,
            "column": 65
          }
        },
        "line": 55
      }
    },
    "branchMap": {
      "0": {
        "loc": {
          "start": {
            "line": 36,
            "column": 24
          },
          "end": {
            "line": 36,
            "column": 70
          }
        },
        "type": "binary-expr",
        "locations": [
          {
            "start": {
              "line": 36,
              "column": 24
            },
            "end": {
              "line": 36,
              "column": 44
            }
          },
          {
            "start": {
              "line": 36,
              "column": 48
            },
            "end": {
              "line": 36,
              "column": 70
            }
          }
        ],
        "line": 36
      },
      "1": {
        "loc": {
          "start": {
            "line": 44,
            "column": 27
          },
          "end": {
            "line": 44,
            "column": 73
          }
        },
        "type": "binary-expr",
        "locations": [
          {
            "start": {
              "line": 44,
              "column": 27
            },
            "end": {
              "line": 44,
              "column": 47
            }
          },
          {
            "start": {
              "line": 44,
              "column": 51
            },
            "end": {
              "line": 44,
              "column": 73
            }
          }
        ],
        "line": 44
      }
    },
    "s": {
      "0": 3,
      "1": 3,
      "2": 6,
      "3": 4,
      "4": 4,
      "5": 3,
      "6": 3,
      "7": 6,
      "8": 4,
      "9": 4,
      "10": 4,
      "11": 0,
      "12": 0,
      "13": 0,
      "14": 0,
      "15": 0,
      "16": 0,
      "17": 0,
      "18": 0,
      "19": 3,
      "20": 0,
      "21": 0,
      "22": 0,
      "23": 3,
      "24": 0,
      "25": 3,
      "26": 0,
      "27": 3,
      "28": 0
    },
    "f": {
      "0": 6,
      "1": 3,
      "2": 6,
      "3": 4,
      "4": 0,
      "5": 0,
      "6": 0,
      "7": 0,
      "8": 0,
      "9": 0,
      "10": 0,
      "11": 0
    },
    "b": {
      "0": [0, 0],
      "1": [0, 0]
    },
    "inputSourceMap": {
      "version": 3,
      "mappings": "AAAA,SAASA,aAAaC,wBAAwB;AAoB9C,MAAMC,eAA6B;AAAA,EACjCC,UAAU;AAAA,EACVC,QAAQ;AAAA,EACRC,OAAO;AAAA,EACPC,QAAQ;AAAA,IACNC,MAAM;AAAA,IACNC,WAAW;AAAA,IACXH,OAAO;AAAA,EACT;AAAA,EACAI,KAAK;AAAA,IACHF,MAAM;AAAA,IACNC,WAAW;AAAA,IACXH,OAAO;AAAA,EACT;AACF;AAEO,aAAMK,gBAAgBT,iBAAiB,0BAA0B,YAAY;AAClF,QAAMU,WAAW,MAAMC,MAAM,gCAAgC;AAC7D,QAAML,OAAO,MAAMI,SAASE,KAAI;AAChC,SAAON,KAAKJ;AACd,CAAC;AAEM,aAAMW,eAAed,YAAY;AAAA,EACtCe,MAAM;AAAA,EACNb;AAAAA,EACAc,UAAU,CAAC;AAAA,EACXC,eAAgBC,aAAY;AAC1BA,YACGC,QAAQT,cAAcU,SAAUC,WAAU;AACzCA,YAAMjB,SAAS;AAAA,IACjB,CAAC,EACAe,QAAQT,cAAcY,WAAW,CAACD,OAAOE,WAAW;AACnDF,YAAMjB,SAAS;AACfiB,YAAMZ,IAAID,YAAY;AACtBa,YAAMZ,IAAIF,OAAOgB,OAAOC;AAAAA,IAC1B,CAAC,EACAL,QAAQT,cAAce,UAAU,CAACJ,OAAOE,WAAW;AAClDF,YAAMjB,SAAS;AACfiB,YAAMZ,IAAID,YAAY;AACtBa,YAAMZ,IAAIJ,QAAQkB,OAAOlB,MAAMqB,WAAW;AAAA,IAC5C,CAAC,EACAP,QAAQQ,eAAeP,SAAUC,WAAU;AAC1CA,YAAMf,OAAOE,YAAY;AAAA,IAC3B,CAAC,EACAW,QAAQQ,eAAeL,WAAW,CAACD,OAAOE,WAAW;AACpDF,YAAMf,OAAOE,YAAY;AACzBa,YAAMf,OAAOC,OAAOgB,OAAOC;AAAAA,IAC7B,CAAC,EACAL,QAAQQ,eAAeF,UAAU,CAACJ,OAAOE,WAAW;AACnDF,YAAMf,OAAOE,YAAY;AACzBa,YAAMf,OAAOD,QAAQkB,OAAOlB,MAAMqB,WAAW;AAAA,IAC/C,CAAC;AAAA,EACL;AACF,CAAC;AACM,aAAMC,iBAAiB1B,iBAAiB,2BAA2B,OAAO2B,UAAkB;AACjG,QAAMjB,WAAW,MAAMC,MAAO,2CAA0CgB,OAAO;AAC/E,QAAMrB,OAAO,MAAMI,SAASE,KAAI;AAChC,SAAON,KAAKJ;AACd,CAAC;AAEM,aAAM0B,iBAAiBA,CAACR,UAAqBA,MAAMlB,SAASA;AAC5D,aAAM2B,sBAAsBA,CAACT,UAAqBA,MAAMlB,SAASC;AACjE,aAAM2B,qBAAqBA,CAACV,UAAqBA,MAAMlB,SAASE;AAEvE,eAAeS,aAAakB",
      "names": [
        "createSlice",
        "createAsyncThunk",
        "initialState",
        "products",
        "status",
        "error",
        "search",
        "data",
        "isLoading",
        "all",
        "fetchProducts",
        "response",
        "fetch",
        "json",
        "productSlice",
        "name",
        "reducers",
        "extraReducers",
        "builder",
        "addCase",
        "pending",
        "state",
        "fulfilled",
        "action",
        "payload",
        "rejected",
        "message",
        "searchProducts",
        "query",
        "selectProducts",
        "selectProductStatus",
        "selectProductError",
        "reducer"
      ],
      "sources": ["D:/rs_school_react/vite-react-ts/src/store/features/productSlice.tsx"],
      "file": "D:/rs_school_react/vite-react-ts/src/store/features/productSlice.tsx"
    },
    "_coverageSchema": "1a1c01bbd47fc00a2c39e90264f33305004495a9",
    "hash": "22631d7dc34d1af8a2fc8912c7b46559fa6e51c8"
  },
  "D:/rs_school_react/vite-react-ts/src/store/features/searchSlice.tsx": {
    "path": "D:/rs_school_react/vite-react-ts/src/store/features/searchSlice.tsx",
    "statementMap": {
      "0": {
        "start": {
          "line": 2,
          "column": 21
        },
        "end": {
          "line": 4,
          "column": 1
        }
      },
      "1": {
        "start": {
          "line": 5,
          "column": 20
        },
        "end": {
          "line": 13,
          "column": 2
        }
      },
      "2": {
        "start": {
          "line": 10,
          "column": 6
        },
        "end": {
          "line": 10,
          "column": 35
        }
      },
      "3": {
        "start": {
          "line": 16,
          "column": 4
        },
        "end": {
          "line": 16,
          "column": 23
        }
      }
    },
    "fnMap": {
      "0": {
        "name": "(anonymous_0)",
        "decl": {
          "start": {
            "line": 9,
            "column": 4
          },
          "end": {
            "line": 9,
            "column": 5
          }
        },
        "loc": {
          "start": {
            "line": 9,
            "column": 28
          },
          "end": {
            "line": 11,
            "column": 5
          }
        },
        "line": 9
      }
    },
    "branchMap": {},
    "s": {
      "0": 3,
      "1": 3,
      "2": 0,
      "3": 3
    },
    "f": {
      "0": 0
    },
    "b": {},
    "inputSourceMap": {
      "version": 3,
      "mappings": "AAAA,SAASA,mBAAkC;AAM3C,MAAMC,eAA4B;AAAA,EAChCC,OAAO;AACT;AAEA,MAAMC,cAAcH,YAAY;AAAA,EAC9BI,MAAM;AAAA,EACNH;AAAAA,EACAI,UAAU;AAAA,IACRC,SAASC,OAAOC,QAA+B;AAC7CD,YAAML,QAAQM,OAAOC;AAAAA,IACvB;AAAA,EACF;AACF,CAAC;AAEM,aAAM;AAAA,EAAEH;AAAS,IAAIH,YAAYO;AACxC,eAAeP,YAAYQ",
      "names": [
        "createSlice",
        "initialState",
        "query",
        "searchSlice",
        "name",
        "reducers",
        "setQuery",
        "state",
        "action",
        "payload",
        "actions",
        "reducer"
      ],
      "sources": ["D:/rs_school_react/vite-react-ts/src/store/features/searchSlice.tsx"],
      "file": "D:/rs_school_react/vite-react-ts/src/store/features/searchSlice.tsx"
    },
    "_coverageSchema": "1a1c01bbd47fc00a2c39e90264f33305004495a9",
    "hash": "6ad93d428f5d1fc067c83e9a46c34836518bc592"
  },
  "D:/rs_school_react/vite-react-ts/src/components/SearchBar.tsx": {
    "path": "D:/rs_school_react/vite-react-ts/src/components/SearchBar.tsx",
    "statementMap": {
      "0": {
        "start": {
          "line": 5,
          "column": 0
        },
        "end": {
          "line": 15,
          "column": 1
        }
      },
      "1": {
        "start": {
          "line": 6,
          "column": 2
        },
        "end": {
          "line": 8,
          "column": 3
        }
      },
      "2": {
        "start": {
          "line": 7,
          "column": 4
        },
        "end": {
          "line": 7,
          "column": 165
        }
      },
      "3": {
        "start": {
          "line": 9,
          "column": 2
        },
        "end": {
          "line": 9,
          "column": 39
        }
      },
      "4": {
        "start": {
          "line": 10,
          "column": 2
        },
        "end": {
          "line": 10,
          "column": 39
        }
      },
      "5": {
        "start": {
          "line": 11,
          "column": 2
        },
        "end": {
          "line": 13,
          "column": 4
        }
      },
      "6": {
        "start": {
          "line": 12,
          "column": 4
        },
        "end": {
          "line": 12,
          "column": 105
        }
      },
      "7": {
        "start": {
          "line": 14,
          "column": 2
        },
        "end": {
          "line": 14,
          "column": 75
        }
      },
      "8": {
        "start": {
          "line": 16,
          "column": 9
        },
        "end": {
          "line": 16,
          "column": 23
        }
      },
      "9": {
        "start": {
          "line": 19,
          "column": 18
        },
        "end": {
          "line": 49,
          "column": 1
        }
      },
      "10": {
        "start": {
          "line": 22,
          "column": 2
        },
        "end": {
          "line": 22,
          "column": 7
        }
      },
      "11": {
        "start": {
          "line": 23,
          "column": 22
        },
        "end": {
          "line": 23,
          "column": 64
        }
      },
      "12": {
        "start": {
          "line": 23,
          "column": 45
        },
        "end": {
          "line": 23,
          "column": 63
        }
      },
      "13": {
        "start": {
          "line": 24,
          "column": 19
        },
        "end": {
          "line": 24,
          "column": 32
        }
      },
      "14": {
        "start": {
          "line": 25,
          "column": 23
        },
        "end": {
          "line": 28,
          "column": 3
        }
      },
      "15": {
        "start": {
          "line": 26,
          "column": 18
        },
        "end": {
          "line": 26,
          "column": 36
        }
      },
      "16": {
        "start": {
          "line": 27,
          "column": 4
        },
        "end": {
          "line": 27,
          "column": 30
        }
      },
      "17": {
        "start": {
          "line": 29,
          "column": 23
        },
        "end": {
          "line": 32,
          "column": 3
        }
      },
      "18": {
        "start": {
          "line": 30,
          "column": 4
        },
        "end": {
          "line": 30,
          "column": 27
        }
      },
      "19": {
        "start": {
          "line": 31,
          "column": 4
        },
        "end": {
          "line": 31,
          "column": 26
        }
      },
      "20": {
        "start": {
          "line": 33,
          "column": 2
        },
        "end": {
          "line": 48,
          "column": 11
        }
      },
      "21": {
        "start": {
          "line": 50,
          "column": 0
        },
        "end": {
          "line": 52,
          "column": 3
        }
      },
      "22": {
        "start": {
          "line": 51,
          "column": 2
        },
        "end": {
          "line": 51,
          "column": 36
        }
      },
      "23": {
        "start": {
          "line": 53,
          "column": 0
        },
        "end": {
          "line": 53,
          "column": 15
        }
      },
      "24": {
        "start": {
          "line": 56,
          "column": 0
        },
        "end": {
          "line": 56,
          "column": 30
        }
      },
      "25": {
        "start": {
          "line": 57,
          "column": 0
        },
        "end": {
          "line": 73,
          "column": 1
        }
      },
      "26": {
        "start": {
          "line": 58,
          "column": 2
        },
        "end": {
          "line": 58,
          "column": 39
        }
      },
      "27": {
        "start": {
          "line": 59,
          "column": 2
        },
        "end": {
          "line": 59,
          "column": 39
        }
      },
      "28": {
        "start": {
          "line": 60,
          "column": 2
        },
        "end": {
          "line": 72,
          "column": 5
        }
      },
      "29": {
        "start": {
          "line": 64,
          "column": 4
        },
        "end": {
          "line": 64,
          "column": 131
        }
      },
      "30": {
        "start": {
          "line": 65,
          "column": 4
        },
        "end": {
          "line": 71,
          "column": 7
        }
      },
      "31": {
        "start": {
          "line": 66,
          "column": 6
        },
        "end": {
          "line": 67,
          "column": 15
        }
      },
      "32": {
        "start": {
          "line": 67,
          "column": 8
        },
        "end": {
          "line": 67,
          "column": 15
        }
      },
      "33": {
        "start": {
          "line": 68,
          "column": 32
        },
        "end": {
          "line": 68,
          "column": 115
        }
      },
      "34": {
        "start": {
          "line": 69,
          "column": 6
        },
        "end": {
          "line": 70,
          "column": 54
        }
      },
      "35": {
        "start": {
          "line": 70,
          "column": 8
        },
        "end": {
          "line": 70,
          "column": 54
        }
      }
    },
    "fnMap": {
      "0": {
        "name": "(anonymous_0)",
        "decl": {
          "start": {
            "line": 11,
            "column": 24
          },
          "end": {
            "line": 11,
            "column": 25
          }
        },
        "loc": {
          "start": {
            "line": 11,
            "column": 38
          },
          "end": {
            "line": 13,
            "column": 3
          }
        },
        "line": 11
      },
      "1": {
        "name": "(anonymous_1)",
        "decl": {
          "start": {
            "line": 19,
            "column": 18
          },
          "end": {
            "line": 19,
            "column": 19
          }
        },
        "loc": {
          "start": {
            "line": 21,
            "column": 6
          },
          "end": {
            "line": 49,
            "column": 1
          }
        },
        "line": 21
      },
      "2": {
        "name": "(anonymous_2)",
        "decl": {
          "start": {
            "line": 23,
            "column": 34
          },
          "end": {
            "line": 23,
            "column": 35
          }
        },
        "loc": {
          "start": {
            "line": 23,
            "column": 45
          },
          "end": {
            "line": 23,
            "column": 63
          }
        },
        "line": 23
      },
      "3": {
        "name": "(anonymous_3)",
        "decl": {
          "start": {
            "line": 25,
            "column": 23
          },
          "end": {
            "line": 25,
            "column": 24
          }
        },
        "loc": {
          "start": {
            "line": 25,
            "column": 34
          },
          "end": {
            "line": 28,
            "column": 3
          }
        },
        "line": 25
      },
      "4": {
        "name": "(anonymous_4)",
        "decl": {
          "start": {
            "line": 29,
            "column": 23
          },
          "end": {
            "line": 29,
            "column": 24
          }
        },
        "loc": {
          "start": {
            "line": 29,
            "column": 34
          },
          "end": {
            "line": 32,
            "column": 3
          }
        },
        "line": 29
      },
      "5": {
        "name": "(anonymous_5)",
        "decl": {
          "start": {
            "line": 50,
            "column": 53
          },
          "end": {
            "line": 50,
            "column": 54
          }
        },
        "loc": {
          "start": {
            "line": 50,
            "column": 64
          },
          "end": {
            "line": 52,
            "column": 1
          }
        },
        "line": 50
      },
      "6": {
        "name": "(anonymous_6)",
        "decl": {
          "start": {
            "line": 63,
            "column": 9
          },
          "end": {
            "line": 63,
            "column": 10
          }
        },
        "loc": {
          "start": {
            "line": 63,
            "column": 29
          },
          "end": {
            "line": 72,
            "column": 3
          }
        },
        "line": 63
      },
      "7": {
        "name": "(anonymous_7)",
        "decl": {
          "start": {
            "line": 65,
            "column": 27
          },
          "end": {
            "line": 65,
            "column": 28
          }
        },
        "loc": {
          "start": {
            "line": 65,
            "column": 44
          },
          "end": {
            "line": 71,
            "column": 5
          }
        },
        "line": 65
      }
    },
    "branchMap": {
      "0": {
        "loc": {
          "start": {
            "line": 5,
            "column": 0
          },
          "end": {
            "line": 15,
            "column": 1
          }
        },
        "type": "if",
        "locations": [
          {
            "start": {
              "line": 5,
              "column": 0
            },
            "end": {
              "line": 15,
              "column": 1
            }
          },
          {
            "start": {},
            "end": {}
          }
        ],
        "line": 5
      },
      "1": {
        "loc": {
          "start": {
            "line": 6,
            "column": 2
          },
          "end": {
            "line": 8,
            "column": 3
          }
        },
        "type": "if",
        "locations": [
          {
            "start": {
              "line": 6,
              "column": 2
            },
            "end": {
              "line": 8,
              "column": 3
            }
          },
          {
            "start": {},
            "end": {}
          }
        ],
        "line": 6
      },
      "2": {
        "loc": {
          "start": {
            "line": 57,
            "column": 0
          },
          "end": {
            "line": 73,
            "column": 1
          }
        },
        "type": "if",
        "locations": [
          {
            "start": {
              "line": 57,
              "column": 0
            },
            "end": {
              "line": 73,
              "column": 1
            }
          },
          {
            "start": {},
            "end": {}
          }
        ],
        "line": 57
      },
      "3": {
        "loc": {
          "start": {
            "line": 66,
            "column": 6
          },
          "end": {
            "line": 67,
            "column": 15
          }
        },
        "type": "if",
        "locations": [
          {
            "start": {
              "line": 66,
              "column": 6
            },
            "end": {
              "line": 67,
              "column": 15
            }
          },
          {
            "start": {},
            "end": {}
          }
        ],
        "line": 66
      },
      "4": {
        "loc": {
          "start": {
            "line": 69,
            "column": 6
          },
          "end": {
            "line": 70,
            "column": 54
          }
        },
        "type": "if",
        "locations": [
          {
            "start": {
              "line": 69,
              "column": 6
            },
            "end": {
              "line": 70,
              "column": 54
            }
          },
          {
            "start": {},
            "end": {}
          }
        ],
        "line": 69
      }
    },
    "s": {
      "0": 3,
      "1": 3,
      "2": 0,
      "3": 3,
      "4": 3,
      "5": 3,
      "6": 3,
      "7": 3,
      "8": 3,
      "9": 3,
      "10": 14,
      "11": 14,
      "12": 27,
      "13": 14,
      "14": 14,
      "15": 0,
      "16": 0,
      "17": 14,
      "18": 0,
      "19": 0,
      "20": 14,
      "21": 3,
      "22": 3,
      "23": 3,
      "24": 3,
      "25": 3,
      "26": 3,
      "27": 3,
      "28": 3,
      "29": 3,
      "30": 3,
      "31": 0,
      "32": 0,
      "33": 0,
      "34": 0,
      "35": 0
    },
    "f": {
      "0": 3,
      "1": 14,
      "2": 27,
      "3": 0,
      "4": 0,
      "5": 3,
      "6": 3,
      "7": 0
    },
    "b": {
      "0": [3, 0],
      "1": [0, 3],
      "2": [3, 0],
      "3": [0, 0],
      "4": [0, 0]
    },
    "inputSourceMap": {
      "version": 3,
      "mappings": "AAyBM;;;;;;;;;;;;;;;;AAxBN,SAASA,aAAaC,mBAAmB;AACzC,SAASC,gBAAgB;AAOzB,MAAMC,YAAsCA,CAAC;AAAA,EAAEC;AAAS,MAAM;AAAAC,KAAA;AAC5D,QAAMC,cAAcL,YAAY,CAACM,UAAqBA,MAAMC,OAAOC,KAAK;AACxE,QAAMC,WAAWV,YAAW;AAE5B,QAAMW,eAAeA,CAACC,UAA+C;AACnE,UAAMC,QAAQD,MAAME,OAAOD;AAC3BH,aAASR,SAASW,KAAK,CAAC;AAAA,EAC1B;AAEA,QAAME,eAAeA,CAACH,UAA4C;AAChEA,UAAMI,eAAc;AACpBZ,aAASE,WAAW;AAAA,EACtB;AAEA,SACE,uBAAC,UAAK,UAAUS,cACd;AAAA,2BAAC,WACC,MAAK,QACL,OAAOT,aACP,UAAUK,cACV,aAAY,qBAJd;AAAA;AAAA;AAAA;AAAA,WAI+B;AAAA,IAE/B,uBAAC,YAAO,MAAK,UAAS,sBAAtB;AAAA;AAAA;AAAA;AAAA,WAA4B;AAAA,OAP9B;AAAA;AAAA;AAAA;AAAA,SAQA;AAEJ;AAAEN,GAzBIF,WAAmC;AAAA,UACnBF,aACHD,WAAW;AAAA;AAAAiB,KAFxBd;AA2BN,eAAeA;AAAU,IAAAc;AAAAC,aAAAD,IAAA",
      "names": [
        "useDispatch",
        "useSelector",
        "setQuery",
        "SearchBar",
        "onSearch",
        "_s",
        "searchQuery",
        "state",
        "search",
        "query",
        "dispatch",
        "handleChange",
        "event",
        "value",
        "target",
        "handleSubmit",
        "preventDefault",
        "_c",
        "$RefreshReg$"
      ],
      "sources": ["D:/rs_school_react/vite-react-ts/src/components/SearchBar.tsx"],
      "file": "D:/rs_school_react/vite-react-ts/src/components/SearchBar.tsx"
    },
    "_coverageSchema": "1a1c01bbd47fc00a2c39e90264f33305004495a9",
    "hash": "b11a4443e5ff96bd57c9a8f07f8cd74bd07bb0f7"
  },
  "D:/rs_school_react/vite-react-ts/src/components/Card.tsx": {
    "path": "D:/rs_school_react/vite-react-ts/src/components/Card.tsx",
    "statementMap": {
      "0": {
        "start": {
          "line": 5,
          "column": 0
        },
        "end": {
          "line": 15,
          "column": 1
        }
      },
      "1": {
        "start": {
          "line": 6,
          "column": 2
        },
        "end": {
          "line": 8,
          "column": 3
        }
      },
      "2": {
        "start": {
          "line": 7,
          "column": 4
        },
        "end": {
          "line": 7,
          "column": 165
        }
      },
      "3": {
        "start": {
          "line": 9,
          "column": 2
        },
        "end": {
          "line": 9,
          "column": 39
        }
      },
      "4": {
        "start": {
          "line": 10,
          "column": 2
        },
        "end": {
          "line": 10,
          "column": 39
        }
      },
      "5": {
        "start": {
          "line": 11,
          "column": 2
        },
        "end": {
          "line": 13,
          "column": 4
        }
      },
      "6": {
        "start": {
          "line": 12,
          "column": 4
        },
        "end": {
          "line": 12,
          "column": 100
        }
      },
      "7": {
        "start": {
          "line": 14,
          "column": 2
        },
        "end": {
          "line": 14,
          "column": 75
        }
      },
      "8": {
        "start": {
          "line": 16,
          "column": 9
        },
        "end": {
          "line": 16,
          "column": 23
        }
      },
      "9": {
        "start": {
          "line": 18,
          "column": 13
        },
        "end": {
          "line": 193,
          "column": 1
        }
      },
      "10": {
        "start": {
          "line": 21,
          "column": 2
        },
        "end": {
          "line": 21,
          "column": 7
        }
      },
      "11": {
        "start": {
          "line": 22,
          "column": 40
        },
        "end": {
          "line": 22,
          "column": 55
        }
      },
      "12": {
        "start": {
          "line": 23,
          "column": 21
        },
        "end": {
          "line": 23,
          "column": 48
        }
      },
      "13": {
        "start": {
          "line": 23,
          "column": 27
        },
        "end": {
          "line": 23,
          "column": 48
        }
      },
      "14": {
        "start": {
          "line": 24,
          "column": 20
        },
        "end": {
          "line": 24,
          "column": 46
        }
      },
      "15": {
        "start": {
          "line": 24,
          "column": 26
        },
        "end": {
          "line": 24,
          "column": 46
        }
      },
      "16": {
        "start": {
          "line": 25,
          "column": 26
        },
        "end": {
          "line": 27,
          "column": 3
        }
      },
      "17": {
        "start": {
          "line": 26,
          "column": 4
        },
        "end": {
          "line": 26,
          "column": 28
        }
      },
      "18": {
        "start": {
          "line": 28,
          "column": 2
        },
        "end": {
          "line": 192,
          "column": 11
        }
      },
      "19": {
        "start": {
          "line": 194,
          "column": 0
        },
        "end": {
          "line": 194,
          "column": 41
        }
      },
      "20": {
        "start": {
          "line": 195,
          "column": 0
        },
        "end": {
          "line": 195,
          "column": 10
        }
      },
      "21": {
        "start": {
          "line": 198,
          "column": 0
        },
        "end": {
          "line": 198,
          "column": 25
        }
      },
      "22": {
        "start": {
          "line": 199,
          "column": 0
        },
        "end": {
          "line": 215,
          "column": 1
        }
      },
      "23": {
        "start": {
          "line": 200,
          "column": 2
        },
        "end": {
          "line": 200,
          "column": 39
        }
      },
      "24": {
        "start": {
          "line": 201,
          "column": 2
        },
        "end": {
          "line": 201,
          "column": 39
        }
      },
      "25": {
        "start": {
          "line": 202,
          "column": 2
        },
        "end": {
          "line": 214,
          "column": 5
        }
      },
      "26": {
        "start": {
          "line": 206,
          "column": 4
        },
        "end": {
          "line": 206,
          "column": 126
        }
      },
      "27": {
        "start": {
          "line": 207,
          "column": 4
        },
        "end": {
          "line": 213,
          "column": 7
        }
      },
      "28": {
        "start": {
          "line": 208,
          "column": 6
        },
        "end": {
          "line": 209,
          "column": 15
        }
      },
      "29": {
        "start": {
          "line": 209,
          "column": 8
        },
        "end": {
          "line": 209,
          "column": 15
        }
      },
      "30": {
        "start": {
          "line": 210,
          "column": 32
        },
        "end": {
          "line": 210,
          "column": 115
        }
      },
      "31": {
        "start": {
          "line": 211,
          "column": 6
        },
        "end": {
          "line": 212,
          "column": 54
        }
      },
      "32": {
        "start": {
          "line": 212,
          "column": 8
        },
        "end": {
          "line": 212,
          "column": 54
        }
      }
    },
    "fnMap": {
      "0": {
        "name": "(anonymous_0)",
        "decl": {
          "start": {
            "line": 11,
            "column": 24
          },
          "end": {
            "line": 11,
            "column": 25
          }
        },
        "loc": {
          "start": {
            "line": 11,
            "column": 38
          },
          "end": {
            "line": 13,
            "column": 3
          }
        },
        "line": 11
      },
      "1": {
        "name": "(anonymous_1)",
        "decl": {
          "start": {
            "line": 18,
            "column": 13
          },
          "end": {
            "line": 18,
            "column": 14
          }
        },
        "loc": {
          "start": {
            "line": 20,
            "column": 6
          },
          "end": {
            "line": 193,
            "column": 1
          }
        },
        "line": 20
      },
      "2": {
        "name": "(anonymous_2)",
        "decl": {
          "start": {
            "line": 23,
            "column": 21
          },
          "end": {
            "line": 23,
            "column": 22
          }
        },
        "loc": {
          "start": {
            "line": 23,
            "column": 27
          },
          "end": {
            "line": 23,
            "column": 48
          }
        },
        "line": 23
      },
      "3": {
        "name": "(anonymous_3)",
        "decl": {
          "start": {
            "line": 24,
            "column": 20
          },
          "end": {
            "line": 24,
            "column": 21
          }
        },
        "loc": {
          "start": {
            "line": 24,
            "column": 26
          },
          "end": {
            "line": 24,
            "column": 46
          }
        },
        "line": 24
      },
      "4": {
        "name": "(anonymous_4)",
        "decl": {
          "start": {
            "line": 25,
            "column": 26
          },
          "end": {
            "line": 25,
            "column": 27
          }
        },
        "loc": {
          "start": {
            "line": 25,
            "column": 37
          },
          "end": {
            "line": 27,
            "column": 3
          }
        },
        "line": 25
      },
      "5": {
        "name": "(anonymous_5)",
        "decl": {
          "start": {
            "line": 205,
            "column": 9
          },
          "end": {
            "line": 205,
            "column": 10
          }
        },
        "loc": {
          "start": {
            "line": 205,
            "column": 29
          },
          "end": {
            "line": 214,
            "column": 3
          }
        },
        "line": 205
      },
      "6": {
        "name": "(anonymous_6)",
        "decl": {
          "start": {
            "line": 207,
            "column": 27
          },
          "end": {
            "line": 207,
            "column": 28
          }
        },
        "loc": {
          "start": {
            "line": 207,
            "column": 44
          },
          "end": {
            "line": 213,
            "column": 5
          }
        },
        "line": 207
      }
    },
    "branchMap": {
      "0": {
        "loc": {
          "start": {
            "line": 5,
            "column": 0
          },
          "end": {
            "line": 15,
            "column": 1
          }
        },
        "type": "if",
        "locations": [
          {
            "start": {
              "line": 5,
              "column": 0
            },
            "end": {
              "line": 15,
              "column": 1
            }
          },
          {
            "start": {},
            "end": {}
          }
        ],
        "line": 5
      },
      "1": {
        "loc": {
          "start": {
            "line": 6,
            "column": 2
          },
          "end": {
            "line": 8,
            "column": 3
          }
        },
        "type": "if",
        "locations": [
          {
            "start": {
              "line": 6,
              "column": 2
            },
            "end": {
              "line": 8,
              "column": 3
            }
          },
          {
            "start": {},
            "end": {}
          }
        ],
        "line": 6
      },
      "2": {
        "loc": {
          "start": {
            "line": 103,
            "column": 4
          },
          "end": {
            "line": 187,
            "column": 12
          }
        },
        "type": "binary-expr",
        "locations": [
          {
            "start": {
              "line": 103,
              "column": 4
            },
            "end": {
              "line": 103,
              "column": 15
            }
          },
          {
            "start": {
              "line": 103,
              "column": 35
            },
            "end": {
              "line": 187,
              "column": 12
            }
          }
        ],
        "line": 103
      },
      "3": {
        "loc": {
          "start": {
            "line": 199,
            "column": 0
          },
          "end": {
            "line": 215,
            "column": 1
          }
        },
        "type": "if",
        "locations": [
          {
            "start": {
              "line": 199,
              "column": 0
            },
            "end": {
              "line": 215,
              "column": 1
            }
          },
          {
            "start": {},
            "end": {}
          }
        ],
        "line": 199
      },
      "4": {
        "loc": {
          "start": {
            "line": 208,
            "column": 6
          },
          "end": {
            "line": 209,
            "column": 15
          }
        },
        "type": "if",
        "locations": [
          {
            "start": {
              "line": 208,
              "column": 6
            },
            "end": {
              "line": 209,
              "column": 15
            }
          },
          {
            "start": {},
            "end": {}
          }
        ],
        "line": 208
      },
      "5": {
        "loc": {
          "start": {
            "line": 211,
            "column": 6
          },
          "end": {
            "line": 212,
            "column": 54
          }
        },
        "type": "if",
        "locations": [
          {
            "start": {
              "line": 211,
              "column": 6
            },
            "end": {
              "line": 212,
              "column": 54
            }
          },
          {
            "start": {},
            "end": {}
          }
        ],
        "line": 211
      }
    },
    "s": {
      "0": 3,
      "1": 3,
      "2": 0,
      "3": 3,
      "4": 3,
      "5": 3,
      "6": 3,
      "7": 3,
      "8": 3,
      "9": 3,
      "10": 246,
      "11": 246,
      "12": 246,
      "13": 1,
      "14": 246,
      "15": 2,
      "16": 246,
      "17": 1,
      "18": 246,
      "19": 3,
      "20": 3,
      "21": 3,
      "22": 3,
      "23": 3,
      "24": 3,
      "25": 3,
      "26": 3,
      "27": 3,
      "28": 0,
      "29": 0,
      "30": 0,
      "31": 0,
      "32": 0
    },
    "f": {
      "0": 3,
      "1": 246,
      "2": 1,
      "3": 2,
      "4": 1,
      "5": 3,
      "6": 0
    },
    "b": {
      "0": [3, 0],
      "1": [0, 3],
      "2": [246, 4],
      "3": [3, 0],
      "4": [0, 0],
      "5": [0, 0]
    },
    "inputSourceMap": {
      "version": 3,
      "mappings": "AAmBI,mBAGM,cAHN;;;;;;;;;;;;;;;;AAnBJ,SAAgBA,gBAAgB;AAOhC,MAAMC,OAA4BA,CAAC;AAAA,EAAEC;AAAQ,MAAM;AAAAC,KAAA;AACjD,QAAM,CAACC,aAAaC,cAAc,IAAIL,SAAS,KAAK;AAEpD,QAAMM,aAAaA,MAAMD,eAAe,KAAK;AAE7C,QAAME,YAAYA,MAAMF,eAAe,IAAI;AAE3C,QAAMG,kBAAkBA,CAACC,UAA4C;AACnEA,UAAMD,gBAAe;AAAA,EACvB;AAEA,SACE,mCACE;AAAA,2BAAC,SAAI,WAAU,QAAO,SAASD,WAC7B;AAAA,6BAAC,SAAI,WAAU,YACb,iCAAC,SAAI,KAAM,GAAEL,QAAQQ,aAAa,KAAM,GAAER,QAAQS,SAAST,QAAQU,SAAS,OAAM,SAAlF;AAAA;AAAA;AAAA;AAAA,aAAuF,KADzF;AAAA;AAAA;AAAA;AAAA,aAEA;AAAA,MACA,uBAAC,SAAI,WAAU,iBAAiBV,kBAAQU,SAAxC;AAAA;AAAA;AAAA;AAAA,aAA8C;AAAA,MAC9C,uBAAC,SAAI,WAAU,gBACb;AAAA,+BAAC,SAAI,WAAU,iBACb;AAAA,iCAAC,UAAK,qBAAN;AAAA;AAAA;AAAA;AAAA,iBAAW;AAAA,UACX,uBAAC,UAAMV,kBAAQS,SAAf;AAAA;AAAA;AAAA;AAAA,iBAAqB;AAAA,aAFvB;AAAA;AAAA;AAAA;AAAA,eAGA;AAAA,QACA,uBAAC,SAAI,WAAU,cACb;AAAA,iCAAC,UAAK,qBAAN;AAAA;AAAA;AAAA;AAAA,iBAAW;AAAA,UACX,uBAAC,UAAMT,kBAAQW,SAAf;AAAA;AAAA;AAAA;AAAA,iBAAqB;AAAA,aAFvB;AAAA;AAAA;AAAA;AAAA,eAGA;AAAA,QACA,uBAAC,SAAI,WAAU,iBACb;AAAA,iCAAC,UAAK,sBAAN;AAAA;AAAA;AAAA;AAAA,iBAAY;AAAA,UACZ,uBAAC,UAAMX,kBAAQY,UAAf;AAAA;AAAA;AAAA;AAAA,iBAAsB;AAAA,aAFxB;AAAA;AAAA;AAAA;AAAA,eAGA;AAAA,WAZF;AAAA;AAAA;AAAA;AAAA,aAaA;AAAA,SAlBF;AAAA;AAAA;AAAA;AAAA,WAmBA;AAAA,IACCV,eACC,uBAAC,SAAI,WAAU,iBAAgB,SAASE,YACtC,iCAAC,SAAI,WAAU,SAAQ,SAASE,iBAC9B;AAAA,6BAAC,SAAI,WAAU,eAAc,SAASF,YAAW,iBAAjD;AAAA;AAAA;AAAA;AAAA,aAEA;AAAA,MACA,uBAAC,SAAI,WAAU,iBACb;AAAA,+BAAC,SACC,KAAM,GAAEJ,QAAQQ,aAChB,KAAM,GAAER,QAAQS,SAAST,QAAQU,SACjC,OAAM,SAHR;AAAA;AAAA;AAAA;AAAA,eAGa;AAAA,QAEb,uBAAC,SAAI,WAAU,iBAAiBV,kBAAQU,SAAxC;AAAA;AAAA;AAAA;AAAA,eAA8C;AAAA,QAC9C,uBAAC,SAAI,WAAU,gBACb;AAAA,iCAAC,SAAI,WAAU,iBACb;AAAA,mCAAC,UAAK,qBAAN;AAAA;AAAA;AAAA;AAAA,mBAAW;AAAA,YACX,uBAAC,UAAMV,kBAAQS,SAAf;AAAA;AAAA;AAAA;AAAA,mBAAqB;AAAA,eAFvB;AAAA;AAAA;AAAA;AAAA,iBAGA;AAAA,UACA,uBAAC,SAAI,WAAU,cACb;AAAA,mCAAC,UAAK,qBAAN;AAAA;AAAA;AAAA;AAAA,mBAAW;AAAA,YACX,uBAAC,UAAMT,kBAAQW,SAAf;AAAA;AAAA;AAAA;AAAA,mBAAqB;AAAA,eAFvB;AAAA;AAAA;AAAA;AAAA,iBAGA;AAAA,UACA,uBAAC,SAAI,WAAU,iBACb;AAAA,mCAAC,UAAK,sBAAN;AAAA;AAAA;AAAA;AAAA,mBAAY;AAAA,YACZ,uBAAC,UAAMX,kBAAQY,UAAf;AAAA;AAAA;AAAA;AAAA,mBAAsB;AAAA,eAFxB;AAAA;AAAA;AAAA;AAAA,iBAGA;AAAA,aAZF;AAAA;AAAA;AAAA;AAAA,eAaA;AAAA,WApBF;AAAA;AAAA;AAAA;AAAA,aAqBA;AAAA,SAzBF;AAAA;AAAA;AAAA;AAAA,WA0BA,KA3BF;AAAA;AAAA;AAAA;AAAA,WA4BA;AAAA,OAlDJ;AAAA;AAAA;AAAA;AAAA,SAoDA;AAEJ;AAAEX,GAlEIF,MAAyB;AAAAc,KAAzBd;AAoEN,SAASA;AAAO,IAAAc;AAAAC,aAAAD,IAAA",
      "names": [
        "useState",
        "Card",
        "product",
        "_s",
        "isModalOpen",
        "setIsModalOpen",
        "closeModal",
        "openModal",
        "stopPropagation",
        "event",
        "thumbnail",
        "brand",
        "title",
        "price",
        "rating",
        "_c",
        "$RefreshReg$"
      ],
      "sources": ["D:/rs_school_react/vite-react-ts/src/components/Card.tsx"],
      "file": "D:/rs_school_react/vite-react-ts/src/components/Card.tsx"
    },
    "_coverageSchema": "1a1c01bbd47fc00a2c39e90264f33305004495a9",
    "hash": "a149b61794038dd7b3b4cfbdea3c0bd71b395eaf"
  },
  "D:/rs_school_react/vite-react-ts/src/pages/MainPage.tsx": {
    "path": "D:/rs_school_react/vite-react-ts/src/pages/MainPage.tsx",
    "statementMap": {
      "0": {
        "start": {
          "line": 5,
          "column": 0
        },
        "end": {
          "line": 15,
          "column": 1
        }
      },
      "1": {
        "start": {
          "line": 6,
          "column": 2
        },
        "end": {
          "line": 8,
          "column": 3
        }
      },
      "2": {
        "start": {
          "line": 7,
          "column": 4
        },
        "end": {
          "line": 7,
          "column": 165
        }
      },
      "3": {
        "start": {
          "line": 9,
          "column": 2
        },
        "end": {
          "line": 9,
          "column": 39
        }
      },
      "4": {
        "start": {
          "line": 10,
          "column": 2
        },
        "end": {
          "line": 10,
          "column": 39
        }
      },
      "5": {
        "start": {
          "line": 11,
          "column": 2
        },
        "end": {
          "line": 13,
          "column": 4
        }
      },
      "6": {
        "start": {
          "line": 12,
          "column": 4
        },
        "end": {
          "line": 12,
          "column": 99
        }
      },
      "7": {
        "start": {
          "line": 14,
          "column": 2
        },
        "end": {
          "line": 14,
          "column": 75
        }
      },
      "8": {
        "start": {
          "line": 16,
          "column": 9
        },
        "end": {
          "line": 16,
          "column": 23
        }
      },
      "9": {
        "start": {
          "line": 23,
          "column": 2
        },
        "end": {
          "line": 23,
          "column": 7
        }
      },
      "10": {
        "start": {
          "line": 24,
          "column": 19
        },
        "end": {
          "line": 24,
          "column": 32
        }
      },
      "11": {
        "start": {
          "line": 28,
          "column": 6
        },
        "end": {
          "line": 28,
          "column": 51
        }
      },
      "12": {
        "start": {
          "line": 28,
          "column": 29
        },
        "end": {
          "line": 28,
          "column": 50
        }
      },
      "13": {
        "start": {
          "line": 32,
          "column": 6
        },
        "end": {
          "line": 32,
          "column": 48
        }
      },
      "14": {
        "start": {
          "line": 32,
          "column": 29
        },
        "end": {
          "line": 32,
          "column": 47
        }
      },
      "15": {
        "start": {
          "line": 33,
          "column": 2
        },
        "end": {
          "line": 35,
          "column": 17
        }
      },
      "16": {
        "start": {
          "line": 34,
          "column": 4
        },
        "end": {
          "line": 34,
          "column": 30
        }
      },
      "17": {
        "start": {
          "line": 36,
          "column": 23
        },
        "end": {
          "line": 38,
          "column": 3
        }
      },
      "18": {
        "start": {
          "line": 37,
          "column": 4
        },
        "end": {
          "line": 37,
          "column": 36
        }
      },
      "19": {
        "start": {
          "line": 39,
          "column": 2
        },
        "end": {
          "line": 102,
          "column": 11
        }
      },
      "20": {
        "start": {
          "line": 61,
          "column": 122
        },
        "end": {
          "line": 65,
          "column": 14
        }
      },
      "21": {
        "start": {
          "line": 80,
          "column": 117
        },
        "end": {
          "line": 84,
          "column": 14
        }
      },
      "22": {
        "start": {
          "line": 104,
          "column": 0
        },
        "end": {
          "line": 106,
          "column": 3
        }
      },
      "23": {
        "start": {
          "line": 105,
          "column": 2
        },
        "end": {
          "line": 105,
          "column": 49
        }
      },
      "24": {
        "start": {
          "line": 107,
          "column": 0
        },
        "end": {
          "line": 107,
          "column": 14
        }
      },
      "25": {
        "start": {
          "line": 110,
          "column": 0
        },
        "end": {
          "line": 110,
          "column": 29
        }
      },
      "26": {
        "start": {
          "line": 111,
          "column": 0
        },
        "end": {
          "line": 127,
          "column": 1
        }
      },
      "27": {
        "start": {
          "line": 112,
          "column": 2
        },
        "end": {
          "line": 112,
          "column": 39
        }
      },
      "28": {
        "start": {
          "line": 113,
          "column": 2
        },
        "end": {
          "line": 113,
          "column": 39
        }
      },
      "29": {
        "start": {
          "line": 114,
          "column": 2
        },
        "end": {
          "line": 126,
          "column": 5
        }
      },
      "30": {
        "start": {
          "line": 118,
          "column": 4
        },
        "end": {
          "line": 118,
          "column": 125
        }
      },
      "31": {
        "start": {
          "line": 119,
          "column": 4
        },
        "end": {
          "line": 125,
          "column": 7
        }
      },
      "32": {
        "start": {
          "line": 120,
          "column": 6
        },
        "end": {
          "line": 121,
          "column": 15
        }
      },
      "33": {
        "start": {
          "line": 121,
          "column": 8
        },
        "end": {
          "line": 121,
          "column": 15
        }
      },
      "34": {
        "start": {
          "line": 122,
          "column": 32
        },
        "end": {
          "line": 122,
          "column": 115
        }
      },
      "35": {
        "start": {
          "line": 123,
          "column": 6
        },
        "end": {
          "line": 124,
          "column": 54
        }
      },
      "36": {
        "start": {
          "line": 124,
          "column": 8
        },
        "end": {
          "line": 124,
          "column": 54
        }
      }
    },
    "fnMap": {
      "0": {
        "name": "(anonymous_0)",
        "decl": {
          "start": {
            "line": 11,
            "column": 24
          },
          "end": {
            "line": 11,
            "column": 25
          }
        },
        "loc": {
          "start": {
            "line": 11,
            "column": 38
          },
          "end": {
            "line": 13,
            "column": 3
          }
        },
        "line": 11
      },
      "1": {
        "name": "MainPage",
        "decl": {
          "start": {
            "line": 22,
            "column": 9
          },
          "end": {
            "line": 22,
            "column": 17
          }
        },
        "loc": {
          "start": {
            "line": 22,
            "column": 20
          },
          "end": {
            "line": 103,
            "column": 1
          }
        },
        "line": 22
      },
      "2": {
        "name": "(anonymous_2)",
        "decl": {
          "start": {
            "line": 28,
            "column": 18
          },
          "end": {
            "line": 28,
            "column": 19
          }
        },
        "loc": {
          "start": {
            "line": 28,
            "column": 29
          },
          "end": {
            "line": 28,
            "column": 50
          }
        },
        "line": 28
      },
      "3": {
        "name": "(anonymous_3)",
        "decl": {
          "start": {
            "line": 32,
            "column": 18
          },
          "end": {
            "line": 32,
            "column": 19
          }
        },
        "loc": {
          "start": {
            "line": 32,
            "column": 29
          },
          "end": {
            "line": 32,
            "column": 47
          }
        },
        "line": 32
      },
      "4": {
        "name": "(anonymous_4)",
        "decl": {
          "start": {
            "line": 33,
            "column": 12
          },
          "end": {
            "line": 33,
            "column": 13
          }
        },
        "loc": {
          "start": {
            "line": 33,
            "column": 18
          },
          "end": {
            "line": 35,
            "column": 3
          }
        },
        "line": 33
      },
      "5": {
        "name": "(anonymous_5)",
        "decl": {
          "start": {
            "line": 36,
            "column": 23
          },
          "end": {
            "line": 36,
            "column": 24
          }
        },
        "loc": {
          "start": {
            "line": 36,
            "column": 34
          },
          "end": {
            "line": 38,
            "column": 3
          }
        },
        "line": 36
      },
      "6": {
        "name": "(anonymous_6)",
        "decl": {
          "start": {
            "line": 61,
            "column": 86
          },
          "end": {
            "line": 61,
            "column": 87
          }
        },
        "loc": {
          "start": {
            "line": 61,
            "column": 122
          },
          "end": {
            "line": 65,
            "column": 14
          }
        },
        "line": 61
      },
      "7": {
        "name": "(anonymous_7)",
        "decl": {
          "start": {
            "line": 80,
            "column": 81
          },
          "end": {
            "line": 80,
            "column": 82
          }
        },
        "loc": {
          "start": {
            "line": 80,
            "column": 117
          },
          "end": {
            "line": 84,
            "column": 14
          }
        },
        "line": 80
      },
      "8": {
        "name": "(anonymous_8)",
        "decl": {
          "start": {
            "line": 104,
            "column": 52
          },
          "end": {
            "line": 104,
            "column": 53
          }
        },
        "loc": {
          "start": {
            "line": 104,
            "column": 63
          },
          "end": {
            "line": 106,
            "column": 1
          }
        },
        "line": 104
      },
      "9": {
        "name": "(anonymous_9)",
        "decl": {
          "start": {
            "line": 117,
            "column": 9
          },
          "end": {
            "line": 117,
            "column": 10
          }
        },
        "loc": {
          "start": {
            "line": 117,
            "column": 29
          },
          "end": {
            "line": 126,
            "column": 3
          }
        },
        "line": 117
      },
      "10": {
        "name": "(anonymous_10)",
        "decl": {
          "start": {
            "line": 119,
            "column": 27
          },
          "end": {
            "line": 119,
            "column": 28
          }
        },
        "loc": {
          "start": {
            "line": 119,
            "column": 44
          },
          "end": {
            "line": 125,
            "column": 5
          }
        },
        "line": 119
      }
    },
    "branchMap": {
      "0": {
        "loc": {
          "start": {
            "line": 5,
            "column": 0
          },
          "end": {
            "line": 15,
            "column": 1
          }
        },
        "type": "if",
        "locations": [
          {
            "start": {
              "line": 5,
              "column": 0
            },
            "end": {
              "line": 15,
              "column": 1
            }
          },
          {
            "start": {},
            "end": {}
          }
        ],
        "line": 5
      },
      "1": {
        "loc": {
          "start": {
            "line": 6,
            "column": 2
          },
          "end": {
            "line": 8,
            "column": 3
          }
        },
        "type": "if",
        "locations": [
          {
            "start": {
              "line": 6,
              "column": 2
            },
            "end": {
              "line": 8,
              "column": 3
            }
          },
          {
            "start": {},
            "end": {}
          }
        ],
        "line": 6
      },
      "2": {
        "loc": {
          "start": {
            "line": 26,
            "column": 10
          },
          "end": {
            "line": 26,
            "column": 28
          }
        },
        "type": "default-arg",
        "locations": [
          {
            "start": {
              "line": 26,
              "column": 26
            },
            "end": {
              "line": 26,
              "column": 28
            }
          }
        ],
        "line": 26
      },
      "3": {
        "loc": {
          "start": {
            "line": 30,
            "column": 10
          },
          "end": {
            "line": 30,
            "column": 23
          }
        },
        "type": "default-arg",
        "locations": [
          {
            "start": {
              "line": 30,
              "column": 21
            },
            "end": {
              "line": 30,
              "column": 23
            }
          }
        ],
        "line": 30
      },
      "4": {
        "loc": {
          "start": {
            "line": 50,
            "column": 4
          },
          "end": {
            "line": 54,
            "column": 12
          }
        },
        "type": "binary-expr",
        "locations": [
          {
            "start": {
              "line": 50,
              "column": 5
            },
            "end": {
              "line": 50,
              "column": 16
            }
          },
          {
            "start": {
              "line": 50,
              "column": 20
            },
            "end": {
              "line": 50,
              "column": 30
            }
          },
          {
            "start": {
              "line": 50,
              "column": 51
            },
            "end": {
              "line": 54,
              "column": 12
            }
          }
        ],
        "line": 50
      },
      "5": {
        "loc": {
          "start": {
            "line": 55,
            "column": 4
          },
          "end": {
            "line": 97,
            "column": 12
          }
        },
        "type": "cond-expr",
        "locations": [
          {
            "start": {
              "line": 55,
              "column": 47
            },
            "end": {
              "line": 74,
              "column": 12
            }
          },
          {
            "start": {
              "line": 74,
              "column": 15
            },
            "end": {
              "line": 97,
              "column": 12
            }
          }
        ],
        "line": 55
      },
      "6": {
        "loc": {
          "start": {
            "line": 74,
            "column": 15
          },
          "end": {
            "line": 97,
            "column": 12
          }
        },
        "type": "cond-expr",
        "locations": [
          {
            "start": {
              "line": 74,
              "column": 53
            },
            "end": {
              "line": 93,
              "column": 12
            }
          },
          {
            "start": {
              "line": 93,
              "column": 31
            },
            "end": {
              "line": 97,
              "column": 12
            }
          }
        ],
        "line": 74
      },
      "7": {
        "loc": {
          "start": {
            "line": 93,
            "column": 55
          },
          "end": {
            "line": 93,
            "column": 115
          }
        },
        "type": "cond-expr",
        "locations": [
          {
            "start": {
              "line": 93,
              "column": 83
            },
            "end": {
              "line": 93,
              "column": 95
            }
          },
          {
            "start": {
              "line": 93,
              "column": 98
            },
            "end": {
              "line": 93,
              "column": 115
            }
          }
        ],
        "line": 93
      },
      "8": {
        "loc": {
          "start": {
            "line": 93,
            "column": 55
          },
          "end": {
            "line": 93,
            "column": 80
          }
        },
        "type": "binary-expr",
        "locations": [
          {
            "start": {
              "line": 93,
              "column": 55
            },
            "end": {
              "line": 93,
              "column": 66
            }
          },
          {
            "start": {
              "line": 93,
              "column": 70
            },
            "end": {
              "line": 93,
              "column": 80
            }
          }
        ],
        "line": 93
      },
      "9": {
        "loc": {
          "start": {
            "line": 111,
            "column": 0
          },
          "end": {
            "line": 127,
            "column": 1
          }
        },
        "type": "if",
        "locations": [
          {
            "start": {
              "line": 111,
              "column": 0
            },
            "end": {
              "line": 127,
              "column": 1
            }
          },
          {
            "start": {},
            "end": {}
          }
        ],
        "line": 111
      },
      "10": {
        "loc": {
          "start": {
            "line": 120,
            "column": 6
          },
          "end": {
            "line": 121,
            "column": 15
          }
        },
        "type": "if",
        "locations": [
          {
            "start": {
              "line": 120,
              "column": 6
            },
            "end": {
              "line": 121,
              "column": 15
            }
          },
          {
            "start": {},
            "end": {}
          }
        ],
        "line": 120
      },
      "11": {
        "loc": {
          "start": {
            "line": 123,
            "column": 6
          },
          "end": {
            "line": 124,
            "column": 54
          }
        },
        "type": "if",
        "locations": [
          {
            "start": {
              "line": 123,
              "column": 6
            },
            "end": {
              "line": 124,
              "column": 54
            }
          },
          {
            "start": {},
            "end": {}
          }
        ],
        "line": 123
      }
    },
    "s": {
      "0": 3,
      "1": 3,
      "2": 0,
      "3": 3,
      "4": 3,
      "5": 3,
      "6": 3,
      "7": 3,
      "8": 3,
      "9": 14,
      "10": 14,
      "11": 14,
      "12": 27,
      "13": 14,
      "14": 27,
      "15": 14,
      "16": 6,
      "17": 14,
      "18": 0,
      "19": 14,
      "20": 0,
      "21": 240,
      "22": 3,
      "23": 3,
      "24": 3,
      "25": 3,
      "26": 3,
      "27": 3,
      "28": 3,
      "29": 3,
      "30": 3,
      "31": 3,
      "32": 0,
      "33": 0,
      "34": 0,
      "35": 0,
      "36": 0
    },
    "f": {
      "0": 3,
      "1": 14,
      "2": 27,
      "3": 27,
      "4": 6,
      "5": 0,
      "6": 0,
      "7": 240,
      "8": 3,
      "9": 3,
      "10": 0
    },
    "b": {
      "0": [3, 0],
      "1": [0, 3],
      "2": [0],
      "3": [0],
      "4": [14, 14, 0],
      "5": [0, 14],
      "6": [8, 6],
      "7": [0, 6],
      "8": [6, 6],
      "9": [3, 0],
      "10": [0, 0],
      "11": [0, 0]
    },
    "inputSourceMap": {
      "version": 3,
      "mappings": "AA4BM;;;;;;;;;;;;;;;;AA5BN,SAAgBA,iBAAiB;AACjC,SAASC,aAAaC,mBAAmB;AAIzC,SAASC,eAAeC,sBAAsB;AAC9C,OAAOC,eAAe;AACtB,SAASC,YAAY;AAErB,SAASC,WAAW;AAAAC,KAAA;AAClB,QAAMC,WAAsDP,YAAW;AAEvE,QAAM;AAAA,IAAEQ,MAAMC,gBAAgB;AAAA,IAAIC,WAAWC;AAAAA,EAAY,IAAIZ,YAC3D,CAACa,UAAqBA,MAAMC,SAASC,MAAM;AAE7C,QAAM;AAAA,IAAEN,MAAMK,WAAW;AAAA,IAAIH,WAAWK;AAAAA,EAAW,IAAIhB,YACrD,CAACa,UAAqBA,MAAMC,SAASG,GAAG;AAG1ClB,YAAU,MAAM;AACdS,aAASN,cAAa,CAAE;AAAA,EAC1B,GAAG,CAACM,QAAQ,CAAC;AAEb,QAAMU,eAAeA,CAACC,UAAkB;AACtCX,aAASL,eAAegB,KAAK,CAAC;AAAA,EAChC;AACA,SACE,uBAAC,SACC;AAAA,2BAAC,QAAG,gCAAJ;AAAA;AAAA;AAAA;AAAA,WAAoB;AAAA,IACpB,uBAAC,aAAU,UAAUD,gBAArB;AAAA;AAAA;AAAA;AAAA,WAAkC;AAAA,KAChCN,eAAeI,eAAe,uBAAC,SAAI,WAAU,WAAU,0BAAzB;AAAA;AAAA;AAAA;AAAA,WAAmC;AAAA,IAClEN,cAAcU,SAAS,IACtB,uBAAC,SACC;AAAA,6BAAC,QAAG,iCAAJ;AAAA;AAAA;AAAA;AAAA,aAAqB;AAAA,MACrB,uBAAC,SAAI,WAAU,SACZV,wBAAcW,IAAI,CAACC,SAASC,UAC3B,uBAAC,QAAiB,WAAPA,OAAX;AAAA;AAAA;AAAA;AAAA,aAAmC,CACpC,KAHH;AAAA;AAAA;AAAA;AAAA,aAIA;AAAA,SANF;AAAA;AAAA;AAAA;AAAA,WAOA,IACET,SAASM,SAAS,IACpB,uBAAC,SACC;AAAA,6BAAC,QAAG,0BAAJ;AAAA;AAAA;AAAA;AAAA,aAAc;AAAA,MACd,uBAAC,SAAI,WAAU,SACZN,mBAASO,IAAI,CAACC,SAASC,UACtB,uBAAC,QAAiB,WAAPA,OAAX;AAAA;AAAA;AAAA;AAAA,aAAmC,CACpC,KAHH;AAAA;AAAA;AAAA;AAAA,aAIA;AAAA,SANF;AAAA;AAAA;AAAA;AAAA,WAOA,IAEA,uBAAC,OAAGX,yBAAeI,aAAa,eAAe,qBAA/C;AAAA;AAAA;AAAA;AAAA,WAAiE;AAAA,OAvBrE;AAAA;AAAA;AAAA;AAAA,SAyBA;AAEJ;AAACT,GA7CQD,UAAQ;AAAA,UAC6CL,aAECD,aAGNA,WAAW;AAAA;AAAAwB,KAN3DlB;AA+CT,SAASA;AAAW,IAAAkB;AAAAC,aAAAD,IAAA",
      "names": [
        "useEffect",
        "useSelector",
        "useDispatch",
        "fetchProducts",
        "searchProducts",
        "SearchBar",
        "Card",
        "MainPage",
        "_s",
        "dispatch",
        "data",
        "searchResults",
        "isLoading",
        "isSearching",
        "state",
        "products",
        "search",
        "isFetching",
        "all",
        "handleSearch",
        "query",
        "length",
        "map",
        "product",
        "index",
        "_c",
        "$RefreshReg$"
      ],
      "sources": ["D:/rs_school_react/vite-react-ts/src/pages/MainPage.tsx"],
      "file": "D:/rs_school_react/vite-react-ts/src/pages/MainPage.tsx"
    },
    "_coverageSchema": "1a1c01bbd47fc00a2c39e90264f33305004495a9",
    "hash": "8d6c2c7974b49dc4f94f5484c0f240ad5f7a9639"
  },
  "D:/rs_school_react/vite-react-ts/src/pages/AboutPage.tsx": {
    "path": "D:/rs_school_react/vite-react-ts/src/pages/AboutPage.tsx",
    "statementMap": {
      "0": {
        "start": {
          "line": 5,
          "column": 0
        },
        "end": {
          "line": 15,
          "column": 1
        }
      },
      "1": {
        "start": {
          "line": 6,
          "column": 2
        },
        "end": {
          "line": 8,
          "column": 3
        }
      },
      "2": {
        "start": {
          "line": 7,
          "column": 4
        },
        "end": {
          "line": 7,
          "column": 165
        }
      },
      "3": {
        "start": {
          "line": 9,
          "column": 2
        },
        "end": {
          "line": 9,
          "column": 39
        }
      },
      "4": {
        "start": {
          "line": 10,
          "column": 2
        },
        "end": {
          "line": 10,
          "column": 39
        }
      },
      "5": {
        "start": {
          "line": 11,
          "column": 2
        },
        "end": {
          "line": 13,
          "column": 4
        }
      },
      "6": {
        "start": {
          "line": 12,
          "column": 4
        },
        "end": {
          "line": 12,
          "column": 100
        }
      },
      "7": {
        "start": {
          "line": 14,
          "column": 2
        },
        "end": {
          "line": 14,
          "column": 75
        }
      },
      "8": {
        "start": {
          "line": 16,
          "column": 18
        },
        "end": {
          "line": 33,
          "column": 1
        }
      },
      "9": {
        "start": {
          "line": 17,
          "column": 2
        },
        "end": {
          "line": 32,
          "column": 11
        }
      },
      "10": {
        "start": {
          "line": 34,
          "column": 0
        },
        "end": {
          "line": 34,
          "column": 15
        }
      },
      "11": {
        "start": {
          "line": 37,
          "column": 0
        },
        "end": {
          "line": 37,
          "column": 30
        }
      },
      "12": {
        "start": {
          "line": 38,
          "column": 0
        },
        "end": {
          "line": 54,
          "column": 1
        }
      },
      "13": {
        "start": {
          "line": 39,
          "column": 2
        },
        "end": {
          "line": 39,
          "column": 39
        }
      },
      "14": {
        "start": {
          "line": 40,
          "column": 2
        },
        "end": {
          "line": 40,
          "column": 39
        }
      },
      "15": {
        "start": {
          "line": 41,
          "column": 2
        },
        "end": {
          "line": 53,
          "column": 5
        }
      },
      "16": {
        "start": {
          "line": 45,
          "column": 4
        },
        "end": {
          "line": 45,
          "column": 126
        }
      },
      "17": {
        "start": {
          "line": 46,
          "column": 4
        },
        "end": {
          "line": 52,
          "column": 7
        }
      },
      "18": {
        "start": {
          "line": 47,
          "column": 6
        },
        "end": {
          "line": 48,
          "column": 15
        }
      },
      "19": {
        "start": {
          "line": 48,
          "column": 8
        },
        "end": {
          "line": 48,
          "column": 15
        }
      },
      "20": {
        "start": {
          "line": 49,
          "column": 32
        },
        "end": {
          "line": 49,
          "column": 115
        }
      },
      "21": {
        "start": {
          "line": 50,
          "column": 6
        },
        "end": {
          "line": 51,
          "column": 54
        }
      },
      "22": {
        "start": {
          "line": 51,
          "column": 8
        },
        "end": {
          "line": 51,
          "column": 54
        }
      }
    },
    "fnMap": {
      "0": {
        "name": "(anonymous_0)",
        "decl": {
          "start": {
            "line": 11,
            "column": 24
          },
          "end": {
            "line": 11,
            "column": 25
          }
        },
        "loc": {
          "start": {
            "line": 11,
            "column": 38
          },
          "end": {
            "line": 13,
            "column": 3
          }
        },
        "line": 11
      },
      "1": {
        "name": "(anonymous_1)",
        "decl": {
          "start": {
            "line": 16,
            "column": 18
          },
          "end": {
            "line": 16,
            "column": 19
          }
        },
        "loc": {
          "start": {
            "line": 16,
            "column": 24
          },
          "end": {
            "line": 33,
            "column": 1
          }
        },
        "line": 16
      },
      "2": {
        "name": "(anonymous_2)",
        "decl": {
          "start": {
            "line": 44,
            "column": 9
          },
          "end": {
            "line": 44,
            "column": 10
          }
        },
        "loc": {
          "start": {
            "line": 44,
            "column": 29
          },
          "end": {
            "line": 53,
            "column": 3
          }
        },
        "line": 44
      },
      "3": {
        "name": "(anonymous_3)",
        "decl": {
          "start": {
            "line": 46,
            "column": 27
          },
          "end": {
            "line": 46,
            "column": 28
          }
        },
        "loc": {
          "start": {
            "line": 46,
            "column": 44
          },
          "end": {
            "line": 52,
            "column": 5
          }
        },
        "line": 46
      }
    },
    "branchMap": {
      "0": {
        "loc": {
          "start": {
            "line": 5,
            "column": 0
          },
          "end": {
            "line": 15,
            "column": 1
          }
        },
        "type": "if",
        "locations": [
          {
            "start": {
              "line": 5,
              "column": 0
            },
            "end": {
              "line": 15,
              "column": 1
            }
          },
          {
            "start": {},
            "end": {}
          }
        ],
        "line": 5
      },
      "1": {
        "loc": {
          "start": {
            "line": 6,
            "column": 2
          },
          "end": {
            "line": 8,
            "column": 3
          }
        },
        "type": "if",
        "locations": [
          {
            "start": {
              "line": 6,
              "column": 2
            },
            "end": {
              "line": 8,
              "column": 3
            }
          },
          {
            "start": {},
            "end": {}
          }
        ],
        "line": 6
      },
      "2": {
        "loc": {
          "start": {
            "line": 38,
            "column": 0
          },
          "end": {
            "line": 54,
            "column": 1
          }
        },
        "type": "if",
        "locations": [
          {
            "start": {
              "line": 38,
              "column": 0
            },
            "end": {
              "line": 54,
              "column": 1
            }
          },
          {
            "start": {},
            "end": {}
          }
        ],
        "line": 38
      },
      "3": {
        "loc": {
          "start": {
            "line": 47,
            "column": 6
          },
          "end": {
            "line": 48,
            "column": 15
          }
        },
        "type": "if",
        "locations": [
          {
            "start": {
              "line": 47,
              "column": 6
            },
            "end": {
              "line": 48,
              "column": 15
            }
          },
          {
            "start": {},
            "end": {}
          }
        ],
        "line": 47
      },
      "4": {
        "loc": {
          "start": {
            "line": 50,
            "column": 6
          },
          "end": {
            "line": 51,
            "column": 54
          }
        },
        "type": "if",
        "locations": [
          {
            "start": {
              "line": 50,
              "column": 6
            },
            "end": {
              "line": 51,
              "column": 54
            }
          },
          {
[...]
              "column": 83
            },
            "end": {
              "line": 102,
              "column": 95
            }
          },
          {
            "start": {
              "line": 102,
              "column": 98
            },
            "end": {
              "line": 102,
              "column": 116
            }
          }
        ],
        "line": 102
      },
      "10": {
        "loc": {
          "start": {
            "line": 102,
            "column": 55
          },
          "end": {
            "line": 102,
            "column": 80
          }
        },
        "type": "binary-expr",
        "locations": [
          {
            "start": {
              "line": 102,
              "column": 55
            },
            "end": {
              "line": 102,
              "column": 66
            }
          },
          {
            "start": {
              "line": 102,
              "column": 70
            },
            "end": {
              "line": 102,
              "column": 80
            }
          }
        ],
        "line": 102
      },
      "11": {
        "loc": {
          "start": {
            "line": 120,
            "column": 0
          },
          "end": {
            "line": 136,
            "column": 1
          }
        },
        "type": "if",
        "locations": [
          {
            "start": {
              "line": 120,
              "column": 0
            },
            "end": {
              "line": 136,
              "column": 1
            }
          },
          {
            "start": {},
            "end": {}
          }
        ],
        "line": 120
      },
      "12": {
        "loc": {
          "start": {
            "line": 129,
            "column": 6
          },
          "end": {
            "line": 130,
            "column": 15
          }
        },
        "type": "if",
        "locations": [
          {
            "start": {
              "line": 129,
              "column": 6
            },
            "end": {
              "line": 130,
              "column": 15
            }
          },
          {
            "start": {},
            "end": {}
          }
        ],
        "line": 129
      },
      "13": {
        "loc": {
          "start": {
            "line": 132,
            "column": 6
          },
          "end": {
            "line": 133,
            "column": 54
          }
        },
        "type": "if",
        "locations": [
          {
            "start": {
              "line": 132,
              "column": 6
            },
            "end": {
              "line": 133,
              "column": 54
            }
          },
          {
            "start": {},
            "end": {}
          }
        ],
        "line": 132
      }
    },
    "s": {
      "0": 3,
      "1": 3,
      "2": 0,
      "3": 3,
      "4": 3,
      "5": 3,
      "6": 3,
      "7": 3,
      "8": 3,
      "9": 0,
      "10": 0,
      "11": 0,
      "12": 0,
      "13": 0,
      "14": 0,
      "15": 0,
      "16": 0,
      "17": 0,
      "18": 0,
      "19": 0,
      "20": 0,
      "21": 0,
      "22": 0,
      "23": 0,
      "24": 0,
      "25": 0,
      "26": 0,
      "27": 0,
      "28": 3,
      "29": 0,
      "30": 3,
      "31": 3,
      "32": 3,
      "33": 3,
      "34": 3,
      "35": 3,
      "36": 3,
      "37": 3,
      "38": 0,
      "39": 0,
      "40": 0,
      "41": 0,
      "42": 0
    },
    "f": {
      "0": 3,
      "1": 0,
      "2": 0,
      "3": 0,
      "4": 0,
      "5": 0,
      "6": 0,
      "7": 0,
      "8": 0,
      "9": 0,
      "10": 3,
      "11": 0
    },
    "b": {
      "0": [3, 0],
      "1": [0, 3],
      "2": [0, 0],
      "3": [0],
      "4": [0],
      "5": [0, 0],
      "6": [0, 0, 0],
      "7": [0, 0],
      "8": [0, 0],
      "9": [0, 0],
      "10": [0, 0],
      "11": [3, 0],
      "12": [0, 0],
      "13": [0, 0]
    },
    "inputSourceMap": {
      "version": 3,
      "mappings": "AAuCM;;;;;;;;;;;;;;;;AAvCN,SAASA,iBAAiB;AAC1B,SAASC,mBAAmB;AAC5B,SAASC,aAAaC,mBAAmB;AAIzC,SAASC,eAAeC,sBAAsB;AAC9C,OAAOC,eAAe;AACtB,SAASC,YAAY;AAErB,SAASC,mBAAmB;AAAAC,KAAA;AAC1B,QAAMC,WAAsDP,YAAW;AACvE,QAAMQ,WAAWV,YAAW;AAC5B,QAAMW,cAAc,IAAIC,gBAAgBF,SAASG,MAAM;AACvD,QAAMC,QAAQH,YAAYI,IAAI,GAAG,KAAK;AAEtC,QAAM;AAAA,IAAEC,MAAMC,gBAAgB;AAAA,IAAIC,WAAWC;AAAAA,EAAY,IAAIlB,YAC3D,CAACmB,UAAqBA,MAAMC,SAASR,MAAM;AAE7C,QAAM;AAAA,IAAEG,MAAMK,WAAW;AAAA,IAAIH,WAAWI;AAAAA,EAAW,IAAIrB,YACrD,CAACmB,UAAqBA,MAAMC,SAASE,GAAG;AAG1CxB,YAAU,MAAM;AACdU,aAASN,cAAa,CAAE;AAAA,EAC1B,GAAG,CAACM,QAAQ,CAAC;AAEbV,YAAU,MAAM;AACd,QAAIe,OAAO;AACTL,eAASL,eAAeU,KAAK,CAAC;AAAA,IAChC;AAAA,EACF,GAAG,CAACL,UAAUK,KAAK,CAAC;AAEpB,QAAMU,eAAeA,CAACV,WAAkB;AACtCL,aAASL,eAAeU,MAAK,CAAC;AAAA,EAChC;AAEA,SACE,uBAAC,SACC;AAAA,2BAAC,QAAG,2BAAJ;AAAA;AAAA;AAAA;AAAA,WAAe;AAAA,IACf,uBAAC,aAAU,UAAUU,gBAArB;AAAA;AAAA;AAAA;AAAA,WAAkC;AAAA,KAChCL,eAAeG,eAAe,uBAAC,SAAI,WAAU,WAAU,0BAAzB;AAAA;AAAA;AAAA;AAAA,WAAmC;AAAA,IAClEL,cAAcQ,SAAS,IACtB,uBAAC,SACC;AAAA,6BAAC,QAAG,8BAAJ;AAAA;AAAA;AAAA;AAAA,aAAkB;AAAA,MAClB,uBAAC,SAAI,WAAU,SACZR,wBAAcS,IAAI,CAACC,SAASC,UAC3B,uBAAC,QAAiB,WAAPA,OAAX;AAAA;AAAA;AAAA;AAAA,aAAmC,CACpC,KAHH;AAAA;AAAA;AAAA;AAAA,aAIA;AAAA,SANF;AAAA;AAAA;AAAA;AAAA,WAOA,IACEP,SAASI,SAAS,IACpB,uBAAC,SACC;AAAA,6BAAC,QAAG,4BAAJ;AAAA;AAAA;AAAA;AAAA,aAAgB;AAAA,MAChB,uBAAC,SAAI,WAAU,SACZJ,mBAASK,IAAI,CAACC,SAASC,UACtB,uBAAC,QAAiB,WAAPA,OAAX;AAAA;AAAA;AAAA;AAAA,aAAmC,CACpC,KAHH;AAAA;AAAA;AAAA;AAAA,aAIA;AAAA,SANF;AAAA;AAAA;AAAA;AAAA,WAOA,IAEA,uBAAC,OAAGT,yBAAeG,aAAa,eAAe,sBAA/C;AAAA;AAAA;AAAA;AAAA,WAAkE;AAAA,OAvBtE;AAAA;AAAA;AAAA;AAAA,SAyBA;AAEJ;AAACd,GAvDQD,kBAAgB;AAAA,UACqCL,aAC3CF,aAI4CC,aAGNA,WAAW;AAAA;AAAA4B,KAT3DtB;AAyDT,SAASA;AAAmB,IAAAsB;AAAAC,aAAAD,IAAA",
      "names": [
        "useEffect",
        "useLocation",
        "useSelector",
        "useDispatch",
        "fetchProducts",
        "searchProducts",
        "SearchBar",
        "Card",
        "SearchResultPage",
        "_s",
        "dispatch",
        "location",
        "queryParams",
        "URLSearchParams",
        "search",
        "query",
        "get",
        "data",
        "searchResults",
        "isLoading",
        "isSearching",
        "state",
        "products",
        "isFetching",
        "all",
        "handleSearch",
        "length",
        "map",
        "product",
        "index",
        "_c",
        "$RefreshReg$"
      ],
      "sources": ["D:/rs_school_react/vite-react-ts/src/pages/SearchResultPage.tsx"],
      "file": "D:/rs_school_react/vite-react-ts/src/pages/SearchResultPage.tsx"
    },
    "_coverageSchema": "1a1c01bbd47fc00a2c39e90264f33305004495a9",
    "hash": "aed35502c4f3b9f168d2140fcad28b47a9a15f39"
  },
  "D:/rs_school_react/vite-react-ts/src/App.tsx": {
    "path": "D:/rs_school_react/vite-react-ts/src/App.tsx",
    "statementMap": {
      "0": {
        "start": {
          "line": 5,
          "column": 0
        },
        "end": {
          "line": 15,
          "column": 1
        }
      },
      "1": {
        "start": {
          "line": 6,
          "column": 2
        },
        "end": {
          "line": 8,
          "column": 3
        }
      },
      "2": {
        "start": {
          "line": 7,
          "column": 4
        },
        "end": {
          "line": 7,
          "column": 165
        }
      },
      "3": {
        "start": {
          "line": 9,
          "column": 2
        },
        "end": {
          "line": 9,
          "column": 39
        }
      },
      "4": {
        "start": {
          "line": 10,
          "column": 2
        },
        "end": {
          "line": 10,
          "column": 39
        }
      },
      "5": {
        "start": {
          "line": 11,
          "column": 2
        },
        "end": {
          "line": 13,
          "column": 4
        }
      },
      "6": {
        "start": {
          "line": 12,
          "column": 4
        },
        "end": {
          "line": 12,
          "column": 88
        }
      },
      "7": {
        "start": {
          "line": 14,
          "column": 2
        },
        "end": {
          "line": 14,
          "column": 75
        }
      },
      "8": {
        "start": {
          "line": 25,
          "column": 2
        },
        "end": {
          "line": 102,
          "column": 11
        }
      },
      "9": {
        "start": {
          "line": 104,
          "column": 0
        },
        "end": {
          "line": 104,
          "column": 9
        }
      },
      "10": {
        "start": {
          "line": 107,
          "column": 0
        },
        "end": {
          "line": 107,
          "column": 24
        }
      },
      "11": {
        "start": {
          "line": 108,
          "column": 0
        },
        "end": {
          "line": 124,
          "column": 1
        }
      },
      "12": {
        "start": {
          "line": 109,
          "column": 2
        },
        "end": {
          "line": 109,
          "column": 39
        }
      },
      "13": {
        "start": {
          "line": 110,
          "column": 2
        },
        "end": {
          "line": 110,
          "column": 39
        }
      },
      "14": {
        "start": {
          "line": 111,
          "column": 2
        },
        "end": {
          "line": 123,
          "column": 5
        }
      },
      "15": {
        "start": {
          "line": 115,
          "column": 4
        },
        "end": {
          "line": 115,
          "column": 114
        }
      },
      "16": {
        "start": {
          "line": 116,
          "column": 4
        },
        "end": {
          "line": 122,
          "column": 7
        }
      },
      "17": {
        "start": {
          "line": 117,
          "column": 6
        },
        "end": {
          "line": 118,
          "column": 15
        }
      },
      "18": {
        "start": {
          "line": 118,
          "column": 8
        },
        "end": {
          "line": 118,
          "column": 15
        }
      },
      "19": {
        "start": {
          "line": 119,
          "column": 32
        },
        "end": {
          "line": 119,
          "column": 115
        }
      },
      "20": {
        "start": {
          "line": 120,
          "column": 6
        },
        "end": {
          "line": 121,
          "column": 54
        }
      },
      "21": {
        "start": {
          "line": 121,
          "column": 8
        },
        "end": {
          "line": 121,
          "column": 54
        }
      }
    },
    "fnMap": {
      "0": {
        "name": "(anonymous_0)",
        "decl": {
          "start": {
            "line": 11,
            "column": 24
          },
          "end": {
            "line": 11,
            "column": 25
          }
        },
        "loc": {
          "start": {
            "line": 11,
            "column": 38
          },
          "end": {
            "line": 13,
            "column": 3
          }
        },
        "line": 11
      },
      "1": {
        "name": "App",
        "decl": {
          "start": {
            "line": 24,
            "column": 9
          },
          "end": {
            "line": 24,
            "column": 12
          }
        },
        "loc": {
          "start": {
            "line": 24,
            "column": 15
          },
          "end": {
            "line": 103,
            "column": 1
          }
        },
        "line": 24
      },
      "2": {
        "name": "(anonymous_2)",
        "decl": {
          "start": {
            "line": 114,
            "column": 9
          },
          "end": {
            "line": 114,
            "column": 10
          }
        },
        "loc": {
          "start": {
            "line": 114,
            "column": 29
          },
          "end": {
            "line": 123,
            "column": 3
          }
        },
        "line": 114
      },
      "3": {
        "name": "(anonymous_3)",
        "decl": {
          "start": {
            "line": 116,
            "column": 27
          },
          "end": {
            "line": 116,
            "column": 28
          }
        },
        "loc": {
          "start": {
            "line": 116,
            "column": 44
          },
          "end": {
            "line": 122,
            "column": 5
          }
        },
        "line": 116
      }
    },
    "branchMap": {
      "0": {
        "loc": {
          "start": {
            "line": 5,
            "column": 0
          },
          "end": {
            "line": 15,
            "column": 1
          }
        },
        "type": "if",
        "locations": [
          {
            "start": {
              "line": 5,
              "column": 0
            },
            "end": {
              "line": 15,
              "column": 1
            }
          },
          {
            "start": {},
            "end": {}
          }
        ],
        "line": 5
      },
      "1": {
        "loc": {
          "start": {
            "line": 6,
            "column": 2
          },
          "end": {
            "line": 8,
            "column": 3
          }
        },
        "type": "if",
        "locations": [
          {
            "start": {
              "line": 6,
              "column": 2
            },
            "end": {
              "line": 8,
              "column": 3
            }
          },
          {
            "start": {},
            "end": {}
          }
        ],
        "line": 6
      },
      "2": {
        "loc": {
          "start": {
            "line": 108,
            "column": 0
          },
          "end": {
            "line": 124,
            "column": 1
          }
        },
        "type": "if",
        "locations": [
          {
            "start": {
              "line": 108,
              "column": 0
            },
            "end": {
              "line": 124,
              "column": 1
            }
          },
          {
            "start": {},
            "end": {}
          }
        ],
        "line": 108
      },
      "3": {
        "loc": {
          "start": {
            "line": 117,
            "column": 6
          },
          "end": {
            "line": 118,
            "column": 15
          }
        },
        "type": "if",
        "locations": [
          {
            "start": {
              "line": 117,
              "column": 6
            },
            "end": {
              "line": 118,
              "column": 15
            }
          },
          {
            "start": {},
            "end": {}
          }
        ],
        "line": 117
      },
      "4": {
        "loc": {
          "start": {
            "line": 120,
            "column": 6
          },
          "end": {
            "line": 121,
            "column": 54
          }
        },
        "type": "if",
        "locations": [
          {
            "start": {
              "line": 120,
              "column": 6
            },
            "end": {
              "line": 121,
              "column": 54
            }
          },
          {
            "start": {},
            "end": {}
          }
        ],
        "line": 120
      }
    },
    "s": {
      "0": 3,
      "1": 3,
      "2": 0,
      "3": 3,
      "4": 3,
      "5": 3,
      "6": 3,
      "7": 3,
      "8": 6,
      "9": 3,
      "10": 3,
      "11": 3,
      "12": 3,
      "13": 3,
      "14": 3,
      "15": 3,
      "16": 3,
      "17": 0,
      "18": 0,
      "19": 0,
      "20": 0,
      "21": 0
    },
    "f": {
      "0": 3,
      "1": 6,
      "2": 3,
      "3": 0
    },
    "b": {
      "0": [3, 0],
      "1": [0, 3],
      "2": [3, 0],
      "3": [0, 0],
      "4": [0, 0]
    },
    "inputSourceMap": {
      "version": 3,
      "mappings": "AAWI,mBAEI,cAFJ;AAXJ,OAAO,oBAAW;AAAA;AAAA;AAAA;AAAA;AAAA;AAAA;AAAA;AAAA;AAAA;AAAA;AAAA;AAAA;AAAA;AAAA;AAClB,SAASA,QAAQC,aAAa;AAC9B,SAASC,eAAe;AACxB,SAASC,gBAAgB;AACzB,SAASC,iBAAiB;AAC1B,SAASC,gBAAgB;AACzB,SAASC,iBAAiB;AAC1B,SAASC,wBAAwB;AAEjC,SAASC,MAAM;AACb,SACE,mCACE;AAAA,2BAAC,YACC;AAAA,6BAAC,WAAQ,IAAG,KAAI,oBAAhB;AAAA;AAAA;AAAA;AAAA,aAAoB;AAAA,MACpB,uBAAC,WAAQ,IAAG,UAAS,qBAArB;AAAA;AAAA;AAAA;AAAA,aAA0B;AAAA,MAC1B,uBAAC,WAAQ,IAAG,UAAS,qBAArB;AAAA;AAAA;AAAA;AAAA,aAA0B;AAAA,SAH5B;AAAA;AAAA;AAAA;AAAA,WAIA;AAAA,IACA,uBAAC,UACC;AAAA,6BAAC,SAAM,MAAK,KAAI,SAAS,uBAAC,cAAD;AAAA;AAAA;AAAA;AAAA,aAAS,KAAlC;AAAA;AAAA;AAAA;AAAA,aAAsC;AAAA,MACtC,uBAAC,SAAM,MAAK,UAAS,SAAS,uBAAC,eAAD;AAAA;AAAA;AAAA;AAAA,aAAU,KAAxC;AAAA;AAAA;AAAA;AAAA,aAA4C;AAAA,MAC5C,uBAAC,SAAM,MAAK,UAAS,SAAS,uBAAC,eAAD;AAAA;AAAA;AAAA;AAAA,aAAU,KAAxC;AAAA;AAAA;AAAA;AAAA,aAA4C;AAAA,MAC5C,uBAAC,SAAM,MAAK,WAAU,SAAS,uBAAC,sBAAD;AAAA;AAAA;AAAA;AAAA,aAAiB,KAAhD;AAAA;AAAA;AAAA;AAAA,aAAoD;AAAA,MACpD,uBAAC,SAAM,MAAK,KAAI,SAAS,uBAAC,cAAD;AAAA;AAAA;AAAA;AAAA,aAAS,KAAlC;AAAA;AAAA;AAAA;AAAA,aAAsC;AAAA,SALxC;AAAA;AAAA;AAAA;AAAA,WAMA;AAAA,OAZF;AAAA;AAAA;AAAA;AAAA,SAaA;AAEJ;AAACC,KAjBQD;AAmBT,eAAeA;AAAI,IAAAC;AAAAC,aAAAD,IAAA",
      "names": [
        "Routes",
        "Route",
        "NavLink",
        "MainPage",
        "AboutPage",
        "NotFound",
        "FormsPage",
        "SearchResultPage",
        "App",
        "_c",
        "$RefreshReg$"
      ],
      "sources": ["D:/rs_school_react/vite-react-ts/src/App.tsx"],
      "file": "D:/rs_school_react/vite-react-ts/src/App.tsx"
    },
    "_coverageSchema": "1a1c01bbd47fc00a2c39e90264f33305004495a9",
    "hash": "5d6112e34973d677fc780afb3696eefdee489644"
  },
  "D:/rs_school_react/vite-react-ts/src/store/store.tsx": {
    "path": "D:/rs_school_react/vite-react-ts/src/store/store.tsx",
    "statementMap": {
      "0": {
        "start": {
          "line": 5,
          "column": 21
        },
        "end": {
          "line": 11,
          "column": 2
        }
      }
    },
    "fnMap": {},
    "branchMap": {},
    "s": {
      "0": 3
    },
    "f": {},
    "b": {},
    "inputSourceMap": {
      "version": 3,
      "mappings": "AAAA,SAASA,sBAAsB;AAC/B,OAAOC,qBAAqB;AAC5B,OAAOC,mBAAmB;AAC1B,OAAOC,kBAAkB;AAClB,aAAMC,QAAQJ,eAAe;AAAA,EAClCK,SAAS;AAAA,IACPC,UAAUL;AAAAA,IACVM,QAAQL;AAAAA,IACRM,OAAOL;AAAAA,EACT;AACF,CAAC",
      "names": [
        "configureStore",
        "productsReducer",
        "searchReducer",
        "formsReducer",
        "store",
        "reducer",
        "products",
        "search",
        "forms"
      ],
      "sources": ["D:/rs_school_react/vite-react-ts/src/store/store.tsx"],
      "file": "D:/rs_school_react/vite-react-ts/src/store/store.tsx"
    },
    "_coverageSchema": "1a1c01bbd47fc00a2c39e90264f33305004495a9",
    "hash": "d0a9e948f47f5c4700733a9e8a94fa6012f790a4"
  },
  "D:/rs_school_react/vite-react-ts/src/main.tsx": {
    "path": "D:/rs_school_react/vite-react-ts/src/main.tsx",
    "statementMap": {
      "0": {
        "start": {
          "line": 9,
          "column": 0
        },
        "end": {
          "line": 25,
          "column": 10
        }
      }
    },
    "fnMap": {},
    "branchMap": {},
    "s": {
      "0": 3
    },
    "f": {},
    "b": {},
    "inputSourceMap": {
      "version": 3,
      "mappings": "AAYQ;AAZR,OAAOA,WAAW;AAClB,OAAOC,cAAc;AACrB,OAAOC,SAAS;AAChB,OAAO;AACP,SAASC,qBAAqB;AAC9B,SAASC,gBAAgB;AACzB,SAASC,aAAa;AAEtBJ,SAASK,WAAWC,SAASC,eAAe,MAAM,CAAgB,EAAEC,OAClE,uBAAC,MAAM,YAAN,EACC,iCAAC,iBACC,iCAAC,YAAS,OACR,iCAAC,SAAD;AAAA;AAAA;AAAA;AAAA,OAAI,KADN;AAAA;AAAA;AAAA;AAAA,OAEA,KAHF;AAAA;AAAA;AAAA;AAAA,OAIA,KALF;AAAA;AAAA;AAAA;AAAA,OAMA,CAAmB",
      "names": [
        "React",
        "ReactDOM",
        "App",
        "BrowserRouter",
        "Provider",
        "store",
        "createRoot",
        "document",
        "getElementById",
        "render"
      ],
      "sources": ["D:/rs_school_react/vite-react-ts/src/main.tsx"],
      "file": "D:/rs_school_react/vite-react-ts/src/main.tsx"
    },
    "_coverageSchema": "1a1c01bbd47fc00a2c39e90264f33305004495a9",
    "hash": "8e27531ae90d7b8b59b536a78fd7193391f079e6"
  }
}
