{"D:\\rs_school_react\\vite-react-ts\\src\\components\\Card.tsx": {"path":"D:\\rs_school_react\\vite-react-ts\\src\\components\\Card.tsx","statementMap":{"0":{"start":{"line":4,"column":30},"end":{"line":31,"column":1}},"1":{"start":{"line":5,"column":2},"end":{"line":30,"column":4}},"2":{"start":{"line":33,"column":0},"end":{"line":33,"column":20}}},"fnMap":{"0":{"name":"(anonymous_0)","decl":{"start":{"line":4,"column":30},"end":{"line":4,"column":31}},"loc":{"start":{"line":4,"column":42},"end":{"line":31,"column":1}}}},"branchMap":{},"s":{"0":1,"1":5,"2":1},"f":{"0":5},"b":{}}
,"D:\\rs_school_react\\vite-react-ts\\src\\components\\Form.tsx": {"path":"D:\\rs_school_react\\vite-react-ts\\src\\components\\Form.tsx","statementMap":{"0":{"start":{"line":1,"column":0},"end":{"line":1,"column":48}},"1":{"start":{"line":7,"column":30},"end":{"line":138,"column":1}},"2":{"start":{"line":8,"column":40},"end":{"line":8,"column":54}},"3":{"start":{"line":9,"column":48},"end":{"line":9,"column":62}},"4":{"start":{"line":10,"column":48},"end":{"line":10,"column":62}},"5":{"start":{"line":11,"column":48},"end":{"line":11,"column":62}},"6":{"start":{"line":12,"column":44},"end":{"line":12,"column":58}},"7":{"start":{"line":13,"column":46},"end":{"line":13,"column":60}},"8":{"start":{"line":14,"column":40},"end":{"line":14,"column":54}},"9":{"start":{"line":16,"column":19},"end":{"line":16,"column":49}},"10":{"start":{"line":17,"column":23},"end":{"line":17,"column":53}},"11":{"start":{"line":18,"column":20},"end":{"line":18,"column":51}},"12":{"start":{"line":19,"column":23},"end":{"line":19,"column":53}},"13":{"start":{"line":20,"column":23},"end":{"line":20,"column":53}},"14":{"start":{"line":21,"column":21},"end":{"line":21,"column":51}},"15":{"start":{"line":22,"column":22},"end":{"line":22,"column":52}},"16":{"start":{"line":23,"column":19},"end":{"line":23,"column":49}},"17":{"start":{"line":25,"column":23},"end":{"line":84,"column":3}},"18":{"start":{"line":26,"column":4},"end":{"line":26,"column":27}},"19":{"start":{"line":27,"column":16},"end":{"line":27,"column":17}},"20":{"start":{"line":28,"column":21},"end":{"line":28,"column":54}},"21":{"start":{"line":30,"column":4},"end":{"line":35,"column":null}},"22":{"start":{"line":31,"column":6},"end":{"line":31,"column":14}},"23":{"start":{"line":32,"column":6},"end":{"line":32,"column":28}},"24":{"start":{"line":34,"column":6},"end":{"line":34,"column":27}},"25":{"start":{"line":37,"column":4},"end":{"line":42,"column":null}},"26":{"start":{"line":38,"column":6},"end":{"line":38,"column":14}},"27":{"start":{"line":39,"column":6},"end":{"line":39,"column":32}},"28":{"start":{"line":41,"column":6},"end":{"line":41,"column":31}},"29":{"start":{"line":44,"column":4},"end":{"line":51,"column":null}},"30":{"start":{"line":45,"column":6},"end":{"line":45,"column":14}},"31":{"start":{"line":46,"column":6},"end":{"line":46,"column":32}},"32":{"start":{"line":47,"column":6},"end":{"line":47,"column":32}},"33":{"start":{"line":49,"column":6},"end":{"line":49,"column":31}},"34":{"start":{"line":50,"column":6},"end":{"line":50,"column":31}},"35":{"start":{"line":53,"column":4},"end":{"line":60,"column":null}},"36":{"start":{"line":54,"column":6},"end":{"line":54,"column":14}},"37":{"start":{"line":55,"column":6},"end":{"line":55,"column":30}},"38":{"start":{"line":56,"column":6},"end":{"line":56,"column":31}},"39":{"start":{"line":58,"column":6},"end":{"line":58,"column":29}},"40":{"start":{"line":59,"column":6},"end":{"line":59,"column":30}},"41":{"start":{"line":62,"column":4},"end":{"line":69,"column":null}},"42":{"start":{"line":63,"column":6},"end":{"line":68,"column":null}},"43":{"start":{"line":64,"column":8},"end":{"line":64,"column":16}},"44":{"start":{"line":65,"column":8},"end":{"line":65,"column":30}},"45":{"start":{"line":67,"column":8},"end":{"line":67,"column":29}},"46":{"start":{"line":71,"column":4},"end":{"line":83,"column":null}},"47":{"start":{"line":72,"column":6},"end":{"line":72,"column":25}},"48":{"start":{"line":73,"column":6},"end":{"line":73,"column":34}},"49":{"start":{"line":74,"column":6},"end":{"line":74,"column":27}},"50":{"start":{"line":75,"column":6},"end":{"line":75,"column":31}},"51":{"start":{"line":76,"column":6},"end":{"line":76,"column":31}},"52":{"start":{"line":77,"column":6},"end":{"line":77,"column":31}},"53":{"start":{"line":78,"column":6},"end":{"line":78,"column":29}},"54":{"start":{"line":79,"column":6},"end":{"line":79,"column":30}},"55":{"start":{"line":80,"column":6},"end":{"line":80,"column":27}},"56":{"start":{"line":82,"column":6},"end":{"line":82,"column":56}},"57":{"start":{"line":85,"column":2},"end":{"line":137,"column":4}},"58":{"start":{"line":140,"column":0},"end":{"line":140,"column":37}}},"fnMap":{"0":{"name":"(anonymous_0)","decl":{"start":{"line":7,"column":30},"end":{"line":7,"column":31}},"loc":{"start":{"line":7,"column":54},"end":{"line":138,"column":1}}},"1":{"name":"(anonymous_1)","decl":{"start":{"line":25,"column":23},"end":{"line":25,"column":24}},"loc":{"start":{"line":25,"column":67},"end":{"line":84,"column":3}}}},"branchMap":{"0":{"loc":{"start":{"line":30,"column":4},"end":{"line":35,"column":null}},"type":"if","locations":[{"start":{"line":30,"column":4},"end":{"line":35,"column":null}},{"start":{"line":33,"column":11},"end":{"line":35,"column":null}}]},"1":{"loc":{"start":{"line":37,"column":4},"end":{"line":42,"column":null}},"type":"if","locations":[{"start":{"line":37,"column":4},"end":{"line":42,"column":null}},{"start":{"line":40,"column":11},"end":{"line":42,"column":null}}]},"2":{"loc":{"start":{"line":44,"column":4},"end":{"line":51,"column":null}},"type":"if","locations":[{"start":{"line":44,"column":4},"end":{"line":51,"column":null}},{"start":{"line":48,"column":11},"end":{"line":51,"column":null}}]},"3":{"loc":{"start":{"line":44,"column":8},"end":{"line":44,"column":72}},"type":"binary-expr","locations":[{"start":{"line":44,"column":8},"end":{"line":44,"column":38}},{"start":{"line":44,"column":42},"end":{"line":44,"column":72}}]},"4":{"loc":{"start":{"line":53,"column":4},"end":{"line":60,"column":null}},"type":"if","locations":[{"start":{"line":53,"column":4},"end":{"line":60,"column":null}},{"start":{"line":57,"column":11},"end":{"line":60,"column":null}}]},"5":{"loc":{"start":{"line":53,"column":8},"end":{"line":53,"column":69}},"type":"binary-expr","locations":[{"start":{"line":53,"column":8},"end":{"line":53,"column":36}},{"start":{"line":53,"column":40},"end":{"line":53,"column":69}}]},"6":{"loc":{"start":{"line":62,"column":4},"end":{"line":69,"column":null}},"type":"if","locations":[{"start":{"line":62,"column":4},"end":{"line":69,"column":null}}]},"7":{"loc":{"start":{"line":63,"column":6},"end":{"line":68,"column":null}},"type":"if","locations":[{"start":{"line":63,"column":6},"end":{"line":68,"column":null}},{"start":{"line":66,"column":13},"end":{"line":68,"column":null}}]},"8":{"loc":{"start":{"line":71,"column":4},"end":{"line":83,"column":null}},"type":"if","locations":[{"start":{"line":71,"column":4},"end":{"line":83,"column":null}},{"start":{"line":81,"column":11},"end":{"line":83,"column":null}}]},"9":{"loc":{"start":{"line":88,"column":51},"end":{"line":88,"column":82}},"type":"cond-expr","locations":[{"start":{"line":88,"column":65},"end":{"line":88,"column":74}},{"start":{"line":88,"column":77},"end":{"line":88,"column":82}}]},"10":{"loc":{"start":{"line":94,"column":52},"end":{"line":94,"column":87}},"type":"cond-expr","locations":[{"start":{"line":94,"column":70},"end":{"line":94,"column":79}},{"start":{"line":94,"column":82},"end":{"line":94,"column":87}}]},"11":{"loc":{"start":{"line":108,"column":30},"end":{"line":108,"column":84}},"type":"cond-expr","locations":[{"start":{"line":108,"column":67},"end":{"line":108,"column":76}},{"start":{"line":108,"column":79},"end":{"line":108,"column":84}}]},"12":{"loc":{"start":{"line":108,"column":30},"end":{"line":108,"column":64}},"type":"binary-expr","locations":[{"start":{"line":108,"column":30},"end":{"line":108,"column":45}},{"start":{"line":108,"column":49},"end":{"line":108,"column":64}}]},"13":{"loc":{"start":{"line":120,"column":28},"end":{"line":120,"column":79}},"type":"cond-expr","locations":[{"start":{"line":120,"column":62},"end":{"line":120,"column":71}},{"start":{"line":120,"column":74},"end":{"line":120,"column":79}}]},"14":{"loc":{"start":{"line":120,"column":28},"end":{"line":120,"column":59}},"type":"binary-expr","locations":[{"start":{"line":120,"column":28},"end":{"line":120,"column":41}},{"start":{"line":120,"column":45},"end":{"line":120,"column":59}}]},"15":{"loc":{"start":{"line":130,"column":53},"end":{"line":130,"column":84}},"type":"cond-expr","locations":[{"start":{"line":130,"column":67},"end":{"line":130,"column":76}},{"start":{"line":130,"column":79},"end":{"line":130,"column":84}}]}},"s":{"0":1,"1":1,"2":2,"3":2,"4":2,"5":2,"6":2,"7":2,"8":2,"9":2,"10":2,"11":2,"12":2,"13":2,"14":2,"15":2,"16":2,"17":2,"18":0,"19":0,"20":0,"21":0,"22":0,"23":0,"24":0,"25":0,"26":0,"27":0,"28":0,"29":0,"30":0,"31":0,"32":0,"33":0,"34":0,"35":0,"36":0,"37":0,"38":0,"39":0,"40":0,"41":0,"42":0,"43":0,"44":0,"45":0,"46":0,"47":0,"48":0,"49":0,"50":0,"51":0,"52":0,"53":0,"54":0,"55":0,"56":0,"57":2,"58":1},"f":{"0":2,"1":0},"b":{"0":[0,0],"1":[0,0],"2":[0,0],"3":[0,0],"4":[0,0],"5":[0,0],"6":[0],"7":[0,0],"8":[0,0],"9":[2,0],"10":[2,0],"11":[2,0],"12":[2,0],"13":[2,0],"14":[2,0],"15":[2,0]}}
,"D:\\rs_school_react\\vite-react-ts\\src\\components\\NewCard.tsx": {"path":"D:\\rs_school_react\\vite-react-ts\\src\\components\\NewCard.tsx","statementMap":{"0":{"start":{"line":1,"column":0},"end":{"line":1,"column":34}},"1":{"start":{"line":5,"column":24},"end":{"line":13,"column":4}},"2":{"start":{"line":16,"column":21},"end":{"line":16,"column":31}},"3":{"start":{"line":17,"column":27},"end":{"line":17,"column":58}},"4":{"start":{"line":18,"column":27},"end":{"line":18,"column":59}},"5":{"start":{"line":19,"column":32},"end":{"line":19,"column":69}},"6":{"start":{"line":20,"column":29},"end":{"line":20,"column":60}},"7":{"start":{"line":21,"column":29},"end":{"line":21,"column":60}},"8":{"start":{"line":22,"column":26},"end":{"line":22,"column":56}},"9":{"start":{"line":23,"column":22},"end":{"line":23,"column":53}},"10":{"start":{"line":25,"column":4},"end":{"line":27,"column":null}},"11":{"start":{"line":26,"column":6},"end":{"line":26,"column":40}},"12":{"start":{"line":28,"column":4},"end":{"line":30,"column":null}},"13":{"start":{"line":29,"column":6},"end":{"line":29,"column":40}},"14":{"start":{"line":31,"column":4},"end":{"line":33,"column":null}},"15":{"start":{"line":32,"column":6},"end":{"line":32,"column":45}},"16":{"start":{"line":34,"column":4},"end":{"line":36,"column":null}},"17":{"start":{"line":35,"column":6},"end":{"line":35,"column":42}},"18":{"start":{"line":37,"column":4},"end":{"line":39,"column":null}},"19":{"start":{"line":38,"column":6},"end":{"line":38,"column":42}},"20":{"start":{"line":40,"column":4},"end":{"line":42,"column":null}},"21":{"start":{"line":41,"column":6},"end":{"line":41,"column":39}},"22":{"start":{"line":43,"column":4},"end":{"line":51,"column":null}},"23":{"start":{"line":44,"column":21},"end":{"line":44,"column":37}},"24":{"start":{"line":45,"column":6},"end":{"line":45,"column":38}},"25":{"start":{"line":46,"column":6},"end":{"line":50,"column":8}},"26":{"start":{"line":47,"column":8},"end":{"line":49,"column":null}},"27":{"start":{"line":48,"column":10},"end":{"line":48,"column":53}},"28":{"start":{"line":63,"column":8},"end":{"line":63,"column":18}},"29":{"start":{"line":65,"column":4},"end":{"line":90,"column":6}},"30":{"start":{"line":94,"column":0},"end":{"line":94,"column":23}}},"fnMap":{"0":{"name":"(anonymous_0)","decl":{"start":{"line":15,"column":2},"end":{"line":15,"column":19}},"loc":{"start":{"line":15,"column":19},"end":{"line":52,"column":3}}},"1":{"name":"(anonymous_1)","decl":{"start":{"line":46,"column":22},"end":{"line":46,"column":25}},"loc":{"start":{"line":46,"column":27},"end":{"line":50,"column":7}}},"2":{"name":"(anonymous_2)","decl":{"start":{"line":54,"column":2},"end":{"line":54,"column":8}},"loc":{"start":{"line":54,"column":8},"end":{"line":91,"column":3}}}},"branchMap":{"0":{"loc":{"start":{"line":25,"column":4},"end":{"line":27,"column":null}},"type":"if","locations":[{"start":{"line":25,"column":4},"end":{"line":27,"column":null}}]},"1":{"loc":{"start":{"line":28,"column":4},"end":{"line":30,"column":null}},"type":"if","locations":[{"start":{"line":28,"column":4},"end":{"line":30,"column":null}}]},"2":{"loc":{"start":{"line":31,"column":4},"end":{"line":33,"column":null}},"type":"if","locations":[{"start":{"line":31,"column":4},"end":{"line":33,"column":null}}]},"3":{"loc":{"start":{"line":34,"column":4},"end":{"line":36,"column":null}},"type":"if","locations":[{"start":{"line":34,"column":4},"end":{"line":36,"column":null}}]},"4":{"loc":{"start":{"line":37,"column":4},"end":{"line":39,"column":null}},"type":"if","locations":[{"start":{"line":37,"column":4},"end":{"line":39,"column":null}}]},"5":{"loc":{"start":{"line":40,"column":4},"end":{"line":42,"column":null}},"type":"if","locations":[{"start":{"line":40,"column":4},"end":{"line":42,"column":null}}]},"6":{"loc":{"start":{"line":43,"column":4},"end":{"line":51,"column":null}},"type":"if","locations":[{"start":{"line":43,"column":4},"end":{"line":51,"column":null}}]},"7":{"loc":{"start":{"line":47,"column":8},"end":{"line":49,"column":null}},"type":"if","locations":[{"start":{"line":47,"column":8},"end":{"line":49,"column":null}}]},"8":{"loc":{"start":{"line":78,"column":11},"end":{"line":78,"column":92}},"type":"cond-expr","locations":[{"start":{"line":78,"column":31},"end":{"line":78,"column":80}},{"start":{"line":78,"column":84},"end":{"line":78,"column":92}}]},"9":{"loc":{"start":{"line":78,"column":31},"end":{"line":78,"column":80}},"type":"cond-expr","locations":[{"start":{"line":78,"column":50},"end":{"line":78,"column":67}},{"start":{"line":78,"column":70},"end":{"line":78,"column":80}}]},"10":{"loc":{"start":{"line":84,"column":9},"end":{"line":87,"column":null}},"type":"binary-expr","locations":[{"start":{"line":84,"column":9},"end":{"line":84,"column":17}},{"start":{"line":85,"column":10},"end":{"line":86,"column":null}}]}},"s":{"0":1,"1":1,"2":1,"3":1,"4":1,"5":1,"6":1,"7":1,"8":1,"9":1,"10":1,"11":1,"12":1,"13":1,"14":1,"15":1,"16":1,"17":1,"18":1,"19":1,"20":1,"21":1,"22":1,"23":0,"24":0,"25":0,"26":0,"27":0,"28":2,"29":2,"30":1},"f":{"0":1,"1":0,"2":2},"b":{"0":[1],"1":[1],"2":[1],"3":[1],"4":[1],"5":[1],"6":[0],"7":[0],"8":[1,1],"9":[1,0],"10":[2,0]}}
}
