{"total": {"lines":{"total":140,"covered":72,"skipped":0,"pct":51.42},"statements":{"total":162,"covered":84,"skipped":0,"pct":51.85},"functions":{"total":46,"covered":21,"skipped":0,"pct":45.65},"branches":{"total":59,"covered":13,"skipped":0,"pct":22.03},"branchesTrue":{"total":0,"covered":0,"skipped":0,"pct":100}}
,"D:/rs_school_react/vite-react-ts/src/App.tsx": {"lines":{"total":4,"covered":4,"skipped":0,"pct":100},"functions":{"total":2,"covered":2,"skipped":0,"pct":100},"statements":{"total":4,"covered":4,"skipped":0,"pct":100},"branches":{"total":1,"covered":1,"skipped":0,"pct":100}}
,"D:/rs_school_react/vite-react-ts/src/main.tsx": {"lines":{"total":1,"covered":1,"skipped":0,"pct":100},"functions":{"total":0,"covered":0,"skipped":0,"pct":100},"statements":{"total":1,"covered":1,"skipped":0,"pct":100},"branches":{"total":0,"covered":0,"skipped":0,"pct":100}}
,"D:/rs_school_react/vite-react-ts/src/components/Card.tsx": {"lines":{"total":9,"covered":9,"skipped":0,"pct":100},"functions":{"total":4,"covered":4,"skipped":0,"pct":100},"statements":{"total":13,"covered":13,"skipped":0,"pct":100},"branches":{"total":2,"covered":2,"skipped":0,"pct":100}}
,"D:/rs_school_react/vite-react-ts/src/components/Form.tsx": {"lines":{"total":17,"covered":4,"skipped":0,"pct":23.52},"functions":{"total":3,"covered":0,"skipped":0,"pct":0},"statements":{"total":20,"covered":4,"skipped":0,"pct":20},"branches":{"total":23,"covered":0,"skipped":0,"pct":0}}
,"D:/rs_school_react/vite-react-ts/src/components/NewCard.tsx": {"lines":{"total":29,"covered":0,"skipped":0,"pct":0},"functions":{"total":3,"covered":0,"skipped":0,"pct":0},"statements":{"total":29,"covered":0,"skipped":0,"pct":0},"branches":{"total":14,"covered":0,"skipped":0,"pct":0}}
,"D:/rs_school_react/vite-react-ts/src/components/SearchBar.tsx": {"lines":{"total":12,"covered":8,"skipped":0,"pct":66.66},"functions":{"total":5,"covered":3,"skipped":0,"pct":60},"statements":{"total":16,"covered":12,"skipped":0,"pct":75},"branches":{"total":0,"covered":0,"skipped":0,"pct":100}}
,"D:/rs_school_react/vite-react-ts/src/pages/AboutPage.tsx": {"lines":{"total":4,"covered":3,"skipped":0,"pct":75},"functions":{"total":1,"covered":1,"skipped":0,"pct":100},"statements":{"total":5,"covered":4,"skipped":0,"pct":80},"branches":{"total":1,"covered":1,"skipped":0,"pct":100}}
,"D:/rs_school_react/vite-react-ts/src/pages/FormPage.tsx": {"lines":{"total":9,"covered":4,"skipped":0,"pct":44.44},"functions":{"total":4,"covered":0,"skipped":0,"pct":0},"statements":{"total":12,"covered":4,"skipped":0,"pct":33.33},"branches":{"total":0,"covered":0,"skipped":0,"pct":100}}
,"D:/rs_school_react/vite-react-ts/src/pages/MainPage.tsx": {"lines":{"total":15,"covered":13,"skipped":0,"pct":86.66},"functions":{"total":8,"covered":6,"skipped":0,"pct":75},"statements":{"total":17,"covered":15,"skipped":0,"pct":88.23},"branches":{"total":13,"covered":8,"skipped":0,"pct":61.53}}
,"D:/rs_school_react/vite-react-ts/src/pages/NotFoundPage.tsx": {"lines":{"total":4,"covered":3,"skipped":0,"pct":75},"functions":{"total":1,"covered":1,"skipped":0,"pct":100},"statements":{"total":5,"covered":4,"skipped":0,"pct":80},"branches":{"total":1,"covered":1,"skipped":0,"pct":100}}
,"D:/rs_school_react/vite-react-ts/src/store/store.tsx": {"lines":{"total":1,"covered":1,"skipped":0,"pct":100},"functions":{"total":0,"covered":0,"skipped":0,"pct":100},"statements":{"total":1,"covered":1,"skipped":0,"pct":100},"branches":{"total":0,"covered":0,"skipped":0,"pct":100}}
,"D:/rs_school_react/vite-react-ts/src/store/features/formsSlice.tsx": {"lines":{"total":5,"covered":4,"skipped":0,"pct":80},"functions":{"total":2,"covered":0,"skipped":0,"pct":0},"statements":{"total":6,"covered":4,"skipped":0,"pct":66.66},"branches":{"total":0,"covered":0,"skipped":0,"pct":100}}
,"D:/rs_school_react/vite-react-ts/src/store/features/productSlice.tsx": {"lines":{"total":26,"covered":15,"skipped":0,"pct":57.69},"functions":{"total":12,"covered":4,"skipped":0,"pct":33.33},"statements":{"total":29,"covered":15,"skipped":0,"pct":51.72},"branches":{"total":4,"covered":0,"skipped":0,"pct":0}}
,"D:/rs_school_react/vite-react-ts/src/store/features/searchSlice.tsx": {"lines":{"total":4,"covered":3,"skipped":0,"pct":75},"functions":{"total":1,"covered":0,"skipped":0,"pct":0},"statements":{"total":4,"covered":3,"skipped":0,"pct":75},"branches":{"total":0,"covered":0,"skipped":0,"pct":100}}
}
