{
  "D:\\rs_school_react\\vite-react-ts\\src\\components\\SearchBar.tsx": {
    "path": "D:\\rs_school_react\\vite-react-ts\\src\\components\\SearchBar.tsx",
    "statementMap": {
      "0": { "start": { "line": 2, "column": 0 }, "end": { "line": 2, "column": 55 } },
      "1": { "start": { "line": 3, "column": 0 }, "end": { "line": 3, "column": 57 } },
      "2": { "start": { "line": 10, "column": 44 }, "end": { "line": 35, "column": 1 } },
      "3": { "start": { "line": 11, "column": 22 }, "end": { "line": 11, "column": 75 } },
      "4": { "start": { "line": 11, "column": 56 }, "end": { "line": 11, "column": 74 } },
      "5": { "start": { "line": 12, "column": 19 }, "end": { "line": 12, "column": 32 } },
      "6": { "start": { "line": 14, "column": 23 }, "end": { "line": 17, "column": 3 } },
      "7": { "start": { "line": 15, "column": 18 }, "end": { "line": 15, "column": 36 } },
      "8": { "start": { "line": 16, "column": 4 }, "end": { "line": 16, "column": 30 } },
      "9": { "start": { "line": 19, "column": 23 }, "end": { "line": 22, "column": 3 } },
      "10": { "start": { "line": 20, "column": 4 }, "end": { "line": 20, "column": 27 } },
      "11": { "start": { "line": 21, "column": 4 }, "end": { "line": 21, "column": 26 } },
      "12": { "start": { "line": 24, "column": 2 }, "end": { "line": 34, "column": 4 } },
      "13": { "start": { "line": 37, "column": 0 }, "end": { "line": 37, "column": 25 } }
    },
    "fnMap": {
      "0": {
        "name": "(anonymous_0)",
        "decl": { "start": { "line": 10, "column": 44 }, "end": { "line": 10, "column": 45 } },
        "loc": { "start": { "line": 10, "column": 61 }, "end": { "line": 35, "column": 1 } }
      },
      "1": {
        "name": "(anonymous_1)",
        "decl": { "start": { "line": 11, "column": 34 }, "end": { "line": 11, "column": 35 } },
        "loc": { "start": { "line": 11, "column": 56 }, "end": { "line": 11, "column": 74 } }
      },
      "2": {
        "name": "(anonymous_2)",
        "decl": { "start": { "line": 14, "column": 23 }, "end": { "line": 14, "column": 24 } },
        "loc": { "start": { "line": 14, "column": 70 }, "end": { "line": 17, "column": 3 } }
      },
      "3": {
        "name": "(anonymous_3)",
        "decl": { "start": { "line": 19, "column": 23 }, "end": { "line": 19, "column": 24 } },
        "loc": { "start": { "line": 19, "column": 67 }, "end": { "line": 22, "column": 3 } }
      }
    },
    "branchMap": {},
    "s": {
      "0": 1,
      "1": 1,
      "2": 1,
      "3": 2,
      "4": 2,
      "5": 2,
      "6": 2,
      "7": 1,
      "8": 1,
      "9": 2,
      "10": 0,
      "11": 0,
      "12": 2,
      "13": 1
    },
    "f": { "0": 2, "1": 2, "2": 1, "3": 0 },
    "b": {}
  },
  "D:\\rs_school_react\\vite-react-ts\\src\\store\\features\\searchSlice.tsx": {
    "path": "D:\\rs_school_react\\vite-react-ts\\src\\store\\features\\searchSlice.tsx",
    "statementMap": {
      "0": { "start": { "line": 1, "column": 0 }, "end": { "line": 1, "column": 62 } },
      "1": { "start": { "line": 7, "column": 34 }, "end": { "line": 9, "column": 2 } },
      "2": { "start": { "line": 11, "column": 20 }, "end": { "line": 19, "column": 2 } },
      "3": { "start": { "line": 16, "column": 6 }, "end": { "line": 16, "column": 35 } },
      "4": { "start": { "line": 21, "column": 15 }, "end": { "line": 21, "column": 48 } },
      "5": { "start": { "line": 22, "column": 0 }, "end": { "line": 22, "column": 35 } }
    },
    "fnMap": {
      "0": {
        "name": "(anonymous_0)",
        "decl": { "start": { "line": 15, "column": 4 }, "end": { "line": 15, "column": 12 } },
        "loc": { "start": { "line": 15, "column": 49 }, "end": { "line": 17, "column": 5 } }
      }
    },
    "branchMap": {},
    "s": { "0": 1, "1": 1, "2": 1, "3": 0, "4": 1, "5": 1 },
    "f": { "0": 0 },
    "b": {}
  }
}
