TN:
SF:src\components\Form.tsx
FN:18,(anonymous_0)
FN:36,(anonymous_1)
FNF:2
FNH:1
FNDA:7,(anonymous_0)
FNDA:0,(anonymous_1)
DA:2,1
DA:18,1
DA:24,7
DA:36,7
DA:37,0
DA:38,0
DA:39,0
DA:40,0
DA:41,0
DA:42,0
DA:43,0
DA:44,0
DA:45,0
DA:47,0
DA:48,0
DA:59,7
DA:123,1
LF:17
LH:6
BRDA:44,0,0,0
BRDA:44,1,0,0
BRDA:44,1,1,0
BRDA:62,2,0,2
BRDA:62,2,1,5
BRDA:66,3,0,7
BRDA:66,3,1,2
BRDA:69,4,0,2
BRDA:69,4,1,5
BRDA:73,5,0,7
BRDA:73,5,1,2
BRDA:84,6,0,0
BRDA:84,6,1,7
BRDA:84,7,0,7
BRDA:84,7,1,7
BRDA:95,8,0,7
BRDA:95,8,1,0
BRDA:96,9,0,7
BRDA:96,9,1,0
BRDA:110,10,0,2
BRDA:110,10,1,5
BRDA:114,11,0,7
BRDA:114,11,1,2
BRF:23
BRH:17
end_of_record
TN:
SF:src\components\NewCard.tsx
FN:15,(anonymous_0)
FN:46,(anonymous_1)
FN:54,(anonymous_2)
FNF:3
FNH:2
FNDA:1,(anonymous_0)
FNDA:0,(anonymous_1)
FNDA:2,(anonymous_2)
DA:1,1
DA:5,1
DA:16,1
DA:17,1
DA:18,1
DA:19,1
DA:20,1
DA:21,1
DA:22,1
DA:23,1
DA:25,1
DA:26,1
DA:28,1
DA:29,1
DA:31,1
DA:32,1
DA:34,1
DA:35,1
DA:37,1
DA:38,1
DA:40,1
DA:41,1
DA:43,1
DA:44,0
DA:45,0
DA:46,0
DA:47,0
DA:48,0
DA:63,2
DA:65,2
DA:94,1
LF:31
LH:26
BRDA:25,0,0,1
BRDA:28,1,0,1
BRDA:31,2,0,1
BRDA:34,3,0,1
BRDA:37,4,0,1
BRDA:40,5,0,1
BRDA:43,6,0,0
BRDA:47,7,0,0
BRDA:78,8,0,1
BRDA:78,8,1,1
BRDA:78,9,0,1
BRDA:78,9,1,0
BRDA:84,10,0,2
BRDA:84,10,1,0
BRF:14
BRH:10
end_of_record
TN:
SF:src\components\SearchBar.tsx
FN:8,(anonymous_0)
FN:12,(anonymous_1)
FN:19,(anonymous_2)
FN:25,(anonymous_3)
FN:30,(anonymous_4)
FNF:5
FNH:5
FNDA:9,(anonymous_0)
FNDA:4,(anonymous_1)
FNDA:7,(anonymous_2)
FNDA:1,(anonymous_3)
FNDA:2,(anonymous_4)
DA:1,1
DA:2,1
DA:8,1
DA:9,9
DA:10,9
DA:12,9
DA:13,4
DA:14,4
DA:15,2
DA:19,9
DA:20,7
DA:21,3
DA:25,9
DA:26,1
DA:27,1
DA:30,9
DA:31,2
DA:32,2
DA:33,2
DA:36,9
DA:49,1
LF:21
LH:21
BRDA:14,0,0,2
BRDA:20,1,0,3
BRF:2
BRH:2
end_of_record
