TN:
SF:src\components\Card.tsx
FN:4,(anonymous_0)
FNF:1
FNH:1
FNDA:5,(anonymous_0)
DA:4,1
DA:5,5
DA:33,1
LF:3
LH:3
BRF:0
BRH:0
end_of_record
TN:
SF:src\components\Form.tsx
FN:7,(anonymous_0)
FN:25,(anonymous_1)
FNF:2
FNH:1
FNDA:2,(anonymous_0)
FNDA:0,(anonymous_1)
DA:1,1
DA:7,1
DA:8,2
DA:9,2
DA:10,2
DA:11,2
DA:12,2
DA:13,2
DA:14,2
DA:16,2
DA:17,2
DA:18,2
DA:19,2
DA:20,2
DA:21,2
DA:22,2
DA:23,2
DA:25,2
DA:26,0
DA:27,0
DA:28,0
DA:30,0
DA:31,0
DA:32,0
DA:34,0
DA:37,0
DA:38,0
DA:39,0
DA:41,0
DA:44,0
DA:45,0
DA:46,0
DA:47,0
DA:49,0
DA:50,0
DA:53,0
DA:54,0
DA:55,0
DA:56,0
DA:58,0
DA:59,0
DA:62,0
DA:63,0
DA:64,0
DA:65,0
DA:67,0
DA:71,0
DA:72,0
DA:73,0
DA:74,0
DA:75,0
DA:76,0
DA:77,0
DA:78,0
DA:79,0
DA:80,0
DA:82,0
DA:85,2
DA:140,1
LF:59
LH:20
BRDA:30,0,0,0
BRDA:30,0,1,0
BRDA:37,1,0,0
BRDA:37,1,1,0
BRDA:44,2,0,0
BRDA:44,2,1,0
BRDA:44,3,0,0
BRDA:44,3,1,0
BRDA:53,4,0,0
BRDA:53,4,1,0
BRDA:53,5,0,0
BRDA:53,5,1,0
BRDA:62,6,0,0
BRDA:63,7,0,0
BRDA:63,7,1,0
BRDA:71,8,0,0
BRDA:71,8,1,0
BRDA:88,9,0,2
BRDA:88,9,1,0
BRDA:94,10,0,2
BRDA:94,10,1,0
BRDA:108,11,0,2
BRDA:108,11,1,0
BRDA:108,12,0,2
BRDA:108,12,1,0
BRDA:120,13,0,2
BRDA:120,13,1,0
BRDA:120,14,0,2
BRDA:120,14,1,0
BRDA:130,15,0,2
BRDA:130,15,1,0
BRF:31
BRH:7
end_of_record
TN:
SF:src\components\NewCard.tsx
FN:15,(anonymous_0)
FN:46,(anonymous_1)
FN:54,(anonymous_2)
FNF:3
FNH:2
FNDA:1,(anonymous_0)
FNDA:0,(anonymous_1)
FNDA:2,(anonymous_2)
DA:1,1
DA:5,1
DA:16,1
DA:17,1
DA:18,1
DA:19,1
DA:20,1
DA:21,1
DA:22,1
DA:23,1
DA:25,1
DA:26,1
DA:28,1
DA:29,1
DA:31,1
DA:32,1
DA:34,1
DA:35,1
DA:37,1
DA:38,1
DA:40,1
DA:41,1
DA:43,1
DA:44,0
DA:45,0
DA:46,0
DA:47,0
DA:48,0
DA:63,2
DA:65,2
DA:94,1
LF:31
LH:26
BRDA:25,0,0,1
BRDA:28,1,0,1
BRDA:31,2,0,1
BRDA:34,3,0,1
BRDA:37,4,0,1
BRDA:40,5,0,1
BRDA:43,6,0,0
BRDA:47,7,0,0
BRDA:78,8,0,1
BRDA:78,8,1,1
BRDA:78,9,0,1
BRDA:78,9,1,0
BRDA:84,10,0,2
BRDA:84,10,1,0
BRF:14
BRH:10
end_of_record
